2019-07-08 22:46:04,777 [Thread-32:8988] [django.request:228] [log:log_response] [WARNING]- Not Found: /js/seajs/sea_2.1.1.js
2019-07-08 22:46:04,783 [Thread-35:13408] [django.request:228] [log:log_response] [WARNING]- Not Found: /js/lib/zepto_touch_ai.js
2019-07-08 22:46:04,825 [Thread-36:5004] [django.request:228] [log:log_response] [WARNING]- Not Found: /js/seajs/sea_2.1.1.js
2019-07-08 22:46:07,863 [Thread-40:1416] [django.request:228] [log:log_response] [WARNING]- Not Found: /js/lib/zepto_touch_ai.js
2019-07-08 22:46:07,870 [Thread-41:4052] [django.request:228] [log:log_response] [WARNING]- Not Found: /js/seajs/sea_2.1.1.js
2019-07-08 22:46:22,962 [Thread-46:2156] [django.request:228] [log:log_response] [WARNING]- Not Found: /js/lib/zepto_touch_ai.js
2019-07-08 22:46:22,979 [Thread-47:4196] [django.request:228] [log:log_response] [WARNING]- Not Found: /js/seajs/sea_2.1.1.js
2019-07-08 22:46:49,175 [Thread-50:14004] [django.request:228] [log:log_response] [WARNING]- Not Found: /js/lib/zepto_touch_ai.js
2019-07-08 22:46:49,178 [Thread-51:7420] [django.request:228] [log:log_response] [WARNING]- Not Found: /js/seajs/sea_2.1.1.js
2019-07-08 22:46:49,861 [Thread-54:1464] [django.request:228] [log:log_response] [WARNING]- Not Found: /js/lib/zepto_touch_ai.js
2019-07-08 22:46:49,864 [Thread-55:3952] [django.request:228] [log:log_response] [WARNING]- Not Found: /js/seajs/sea_2.1.1.js
2019-07-08 22:46:50,070 [Thread-57:14028] [django.request:228] [log:log_response] [WARNING]- Not Found: /js/lib/zepto_touch_ai.js
2019-07-08 22:46:50,075 [Thread-58:14276] [django.request:228] [log:log_response] [WARNING]- Not Found: /js/seajs/sea_2.1.1.js
2019-07-08 22:47:36,260 [Thread-95:7432] [django.request:228] [log:log_response] [WARNING]- Not Found: /js/lib/zepto_touch_ai.js
2019-07-08 22:47:36,275 [Thread-96:12680] [django.request:228] [log:log_response] [WARNING]- Not Found: /js/seajs/sea_2.1.1.js
2019-07-08 22:48:25,763 [Thread-99:10252] [django.request:228] [log:log_response] [WARNING]- Not Found: /js/lib/zepto_touch_ai.js
2019-07-08 22:48:25,767 [Thread-100:5924] [django.request:228] [log:log_response] [WARNING]- Not Found: /js/seajs/sea_2.1.1.js
2019-07-08 22:48:36,545 [Thread-102:13912] [django.request:228] [log:log_response] [WARNING]- Not Found: /js/lib/zepto_touch_ai.js
2019-07-08 22:48:36,550 [Thread-103:3156] [django.request:228] [log:log_response] [WARNING]- Not Found: /js/seajs/sea_2.1.1.js
2019-07-08 22:48:37,163 [Thread-106:6392] [django.request:228] [log:log_response] [WARNING]- Not Found: /js/lib/zepto_touch_ai.js
2019-07-08 22:48:37,166 [Thread-107:14208] [django.request:228] [log:log_response] [WARNING]- Not Found: /js/seajs/sea_2.1.1.js
2019-07-08 22:48:41,425 [Thread-109:3284] [django.request:228] [log:log_response] [WARNING]- Not Found: /js/lib/zepto_touch_ai.js
2019-07-08 22:48:41,436 [Thread-110:4472] [django.request:228] [log:log_response] [WARNING]- Not Found: /js/seajs/sea_2.1.1.js
2019-07-08 22:48:42,102 [Thread-112:6860] [django.request:228] [log:log_response] [WARNING]- Not Found: /js/lib/zepto_touch_ai.js
2019-07-08 22:48:42,105 [Thread-113:192] [django.request:228] [log:log_response] [WARNING]- Not Found: /js/seajs/sea_2.1.1.js
2019-07-08 22:48:42,526 [Thread-115:2812] [django.request:228] [log:log_response] [WARNING]- Not Found: /js/lib/zepto_touch_ai.js
2019-07-08 22:48:42,535 [Thread-116:4848] [django.request:228] [log:log_response] [WARNING]- Not Found: /js/seajs/sea_2.1.1.js
2019-07-08 22:48:49,146 [Thread-117:11372] [django.request:228] [log:log_response] [WARNING]- Not Found: /js/lib/zepto_touch_ai.js
2019-07-08 22:48:49,166 [Thread-119:4416] [django.request:228] [log:log_response] [WARNING]- Not Found: /js/seajs/sea_2.1.1.js
2019-07-08 22:48:49,751 [Thread-121:3356] [django.request:228] [log:log_response] [WARNING]- Not Found: /js/lib/zepto_touch_ai.js
2019-07-08 22:48:49,763 [Thread-122:208] [django.request:228] [log:log_response] [WARNING]- Not Found: /js/seajs/sea_2.1.1.js
2019-07-08 22:48:50,056 [Thread-124:12912] [django.request:228] [log:log_response] [WARNING]- Not Found: /js/lib/zepto_touch_ai.js
2019-07-08 22:48:50,069 [Thread-125:4316] [django.request:228] [log:log_response] [WARNING]- Not Found: /js/seajs/sea_2.1.1.js
2019-07-08 22:48:50,349 [Thread-127:6636] [django.request:228] [log:log_response] [WARNING]- Not Found: /js/lib/zepto_touch_ai.js
2019-07-08 22:48:50,364 [Thread-128:5528] [django.request:228] [log:log_response] [WARNING]- Not Found: /js/seajs/sea_2.1.1.js
2019-07-08 22:48:50,663 [Thread-130:7776] [django.request:228] [log:log_response] [WARNING]- Not Found: /js/lib/zepto_touch_ai.js
2019-07-08 22:48:50,672 [Thread-131:6256] [django.request:228] [log:log_response] [WARNING]- Not Found: /js/seajs/sea_2.1.1.js
2019-07-08 22:48:50,887 [Thread-132:11292] [django.request:228] [log:log_response] [WARNING]- Not Found: /js/lib/zepto_touch_ai.js
2019-07-08 22:48:50,895 [Thread-134:11368] [django.request:228] [log:log_response] [WARNING]- Not Found: /js/seajs/sea_2.1.1.js
2019-07-08 22:48:51,286 [Thread-136:11100] [django.request:228] [log:log_response] [WARNING]- Not Found: /js/lib/zepto_touch_ai.js
2019-07-08 22:48:51,296 [Thread-137:10444] [django.request:228] [log:log_response] [WARNING]- Not Found: /js/seajs/sea_2.1.1.js
2019-07-08 22:48:51,616 [Thread-139:5200] [django.request:228] [log:log_response] [WARNING]- Not Found: /js/lib/zepto_touch_ai.js
2019-07-08 22:48:51,628 [Thread-140:12756] [django.request:228] [log:log_response] [WARNING]- Not Found: /js/seajs/sea_2.1.1.js
2019-07-08 22:50:09,425 [Thread-141:9088] [django.request:228] [log:log_response] [WARNING]- Not Found: /js/lib/zepto_touch_ai.js
2019-07-08 22:50:09,429 [Thread-143:10672] [django.request:228] [log:log_response] [WARNING]- Not Found: /js/seajs/sea_2.1.1.js
2019-07-08 22:50:10,147 [Thread-145:11556] [django.request:228] [log:log_response] [WARNING]- Not Found: /js/lib/zepto_touch_ai.js
2019-07-08 22:50:10,157 [Thread-146:5192] [django.request:228] [log:log_response] [WARNING]- Not Found: /js/seajs/sea_2.1.1.js
2019-07-08 22:50:10,446 [Thread-148:896] [django.request:228] [log:log_response] [WARNING]- Not Found: /js/seajs/sea_2.1.1.js
2019-07-08 22:50:10,446 [Thread-149:5536] [django.request:228] [log:log_response] [WARNING]- Not Found: /js/lib/zepto_touch_ai.js
2019-07-08 22:50:10,486 [Thread-150:13736] [django.request:228] [log:log_response] [WARNING]- Not Found: /js/seajs/sea_2.1.1.js
2019-07-08 22:50:10,764 [Thread-152:12436] [django.request:228] [log:log_response] [WARNING]- Not Found: /js/lib/zepto_touch_ai.js
2019-07-08 22:50:10,785 [Thread-153:7784] [django.request:228] [log:log_response] [WARNING]- Not Found: /js/seajs/sea_2.1.1.js
2019-07-08 22:50:11,177 [Thread-155:11468] [django.request:228] [log:log_response] [WARNING]- Not Found: /js/lib/zepto_touch_ai.js
2019-07-08 22:50:11,189 [Thread-156:11508] [django.request:228] [log:log_response] [WARNING]- Not Found: /js/seajs/sea_2.1.1.js
2019-07-08 22:50:11,622 [Thread-158:5304] [django.request:228] [log:log_response] [WARNING]- Not Found: /js/lib/zepto_touch_ai.js
2019-07-08 22:50:11,637 [Thread-159:13224] [django.request:228] [log:log_response] [WARNING]- Not Found: /js/seajs/sea_2.1.1.js
2019-07-08 22:50:12,032 [Thread-161:8212] [django.request:228] [log:log_response] [WARNING]- Not Found: /js/lib/zepto_touch_ai.js
2019-07-08 22:50:12,043 [Thread-162:14036] [django.request:228] [log:log_response] [WARNING]- Not Found: /js/seajs/sea_2.1.1.js
2019-07-08 22:50:12,379 [Thread-164:2268] [django.request:228] [log:log_response] [WARNING]- Not Found: /js/lib/zepto_touch_ai.js
2019-07-08 22:50:12,394 [Thread-165:8592] [django.request:228] [log:log_response] [WARNING]- Not Found: /js/seajs/sea_2.1.1.js
2019-07-08 22:50:12,751 [Thread-167:12336] [django.request:228] [log:log_response] [WARNING]- Not Found: /js/seajs/sea_2.1.1.js
2019-07-08 22:50:12,757 [Thread-168:1344] [django.request:228] [log:log_response] [WARNING]- Not Found: /js/lib/zepto_touch_ai.js
2019-07-08 22:50:12,800 [Thread-169:13328] [django.request:228] [log:log_response] [WARNING]- Not Found: /js/seajs/sea_2.1.1.js
2019-07-08 22:50:13,217 [Thread-171:10560] [django.request:228] [log:log_response] [WARNING]- Not Found: /js/lib/zepto_touch_ai.js
2019-07-08 22:50:13,225 [Thread-172:10564] [django.request:228] [log:log_response] [WARNING]- Not Found: /js/seajs/sea_2.1.1.js
2019-07-08 22:50:20,884 [Thread-173:1400] [django.request:228] [log:log_response] [WARNING]- Not Found: /js/lib/zepto_touch_ai.js
2019-07-08 22:50:20,898 [Thread-175:3624] [django.request:228] [log:log_response] [WARNING]- Not Found: /js/seajs/sea_2.1.1.js
2019-07-08 22:50:36,140 [Thread-177:13584] [django.request:228] [log:log_response] [WARNING]- Not Found: /js/seajs/sea_2.1.1.js
2019-07-08 22:50:36,143 [Thread-178:2880] [django.request:228] [log:log_response] [WARNING]- Not Found: /js/lib/zepto_touch_ai.js
2019-07-08 22:50:36,170 [Thread-179:12424] [django.request:228] [log:log_response] [WARNING]- Not Found: /js/seajs/sea_2.1.1.js
2019-07-08 22:50:36,956 [Thread-181:3536] [django.request:228] [log:log_response] [WARNING]- Not Found: /js/seajs/sea_2.1.1.js
2019-07-08 22:50:36,966 [Thread-182:2984] [django.request:228] [log:log_response] [WARNING]- Not Found: /js/lib/zepto_touch_ai.js
2019-07-08 22:50:37,004 [Thread-183:13488] [django.request:228] [log:log_response] [WARNING]- Not Found: /js/seajs/sea_2.1.1.js
2019-07-08 22:51:10,270 [Thread-185:14000] [django.request:228] [log:log_response] [WARNING]- Not Found: /js/lib/zepto_touch_ai.js
2019-07-08 22:51:10,277 [Thread-186:11072] [django.request:228] [log:log_response] [WARNING]- Not Found: /js/seajs/sea_2.1.1.js
2019-07-08 22:51:11,100 [Thread-188:12128] [django.request:228] [log:log_response] [WARNING]- Not Found: /js/lib/zepto_touch_ai.js
2019-07-08 22:51:11,105 [Thread-189:2756] [django.request:228] [log:log_response] [WARNING]- Not Found: /js/seajs/sea_2.1.1.js
2019-07-08 22:51:11,673 [Thread-191:3980] [django.request:228] [log:log_response] [WARNING]- Not Found: /js/lib/zepto_touch_ai.js
2019-07-08 22:51:11,674 [Thread-192:7432] [django.request:228] [log:log_response] [WARNING]- Not Found: /js/seajs/sea_2.1.1.js
2019-07-08 22:51:12,189 [Thread-194:12668] [django.request:228] [log:log_response] [WARNING]- Not Found: /js/lib/zepto_touch_ai.js
2019-07-08 22:51:12,200 [Thread-195:10572] [django.request:228] [log:log_response] [WARNING]- Not Found: /js/seajs/sea_2.1.1.js
2019-07-08 22:51:26,948 [Thread-197:11044] [django.request:228] [log:log_response] [WARNING]- Not Found: /js/seajs/sea_2.1.1.js
2019-07-08 22:51:26,953 [Thread-198:11824] [django.request:228] [log:log_response] [WARNING]- Not Found: /js/lib/zepto_touch_ai.js
2019-07-08 22:51:27,001 [Thread-199:6660] [django.request:228] [log:log_response] [WARNING]- Not Found: /js/seajs/sea_2.1.1.js
2019-07-08 22:52:12,735 [Thread-14:12804] [django.request:228] [log:log_response] [WARNING]- Not Found: /js/lib/zepto_touch_ai.js
2019-07-08 22:52:12,757 [Thread-15:3356] [django.request:228] [log:log_response] [WARNING]- Not Found: /js/seajs/sea_2.1.1.js
2019-07-08 22:52:30,481 [Thread-17:8988] [django.request:228] [log:log_response] [WARNING]- Not Found: /js/lib/zepto_touch_ai.js
2019-07-08 22:52:30,530 [Thread-18:14172] [django.request:228] [log:log_response] [WARNING]- Not Found: /js/seajs/sea_2.1.1.js
2019-07-08 22:52:38,384 [Thread-20:12264] [django.request:228] [log:log_response] [WARNING]- Not Found: /js/lib/zepto_touch_ai.js
2019-07-08 22:52:38,411 [Thread-21:1984] [django.request:228] [log:log_response] [WARNING]- Not Found: /js/seajs/sea_2.1.1.js
2019-07-08 22:52:39,273 [Thread-23:9844] [django.request:228] [log:log_response] [WARNING]- Not Found: /js/lib/zepto_touch_ai.js
2019-07-08 22:52:39,287 [Thread-24:3024] [django.request:228] [log:log_response] [WARNING]- Not Found: /js/seajs/sea_2.1.1.js
2019-07-08 22:52:40,177 [Thread-26:13324] [django.request:228] [log:log_response] [WARNING]- Not Found: /js/lib/zepto_touch_ai.js
2019-07-08 22:52:40,194 [Thread-27:12012] [django.request:228] [log:log_response] [WARNING]- Not Found: /js/seajs/sea_2.1.1.js
2019-07-08 22:52:41,320 [Thread-29:1112] [django.request:228] [log:log_response] [WARNING]- Not Found: /js/lib/zepto_touch_ai.js
2019-07-08 22:52:41,324 [Thread-30:4176] [django.request:228] [log:log_response] [WARNING]- Not Found: /js/seajs/sea_2.1.1.js
2019-07-08 22:54:40,371 [Thread-32:12540] [django.request:228] [log:log_response] [WARNING]- Not Found: /js/lib/zepto_touch_ai.js
2019-07-08 22:54:40,395 [Thread-33:2128] [django.request:228] [log:log_response] [WARNING]- Not Found: /js/seajs/sea_2.1.1.js
2019-07-08 22:54:49,348 [Thread-35:5268] [django.request:228] [log:log_response] [WARNING]- Not Found: /js/lib/zepto_touch_ai.js
2019-07-08 22:54:49,401 [Thread-36:5464] [django.request:228] [log:log_response] [WARNING]- Not Found: /js/seajs/sea_2.1.1.js
2019-07-08 22:55:34,983 [Thread-11:10372] [django.request:228] [log:log_response] [WARNING]- Not Found: /js/lib/zepto_touch_ai.js
2019-07-08 22:55:35,010 [Thread-13:13324] [django.request:228] [log:log_response] [WARNING]- Not Found: /js/seajs/sea_2.1.1.js
2019-07-08 23:00:35,178 [Thread-27:5824] [django.request:228] [log:log_response] [WARNING]- Not Found: /js/lib/zepto_touch_ai.js
2019-07-08 23:00:35,249 [Thread-28:6264] [django.request:228] [log:log_response] [WARNING]- Not Found: /js/seajs/sea_2.1.1.js
2019-07-08 23:02:34,983 [Thread-86:11024] [django.request:228] [log:log_response] [WARNING]- Not Found: /js/lib/zepto_touch_ai.js
2019-07-08 23:02:34,999 [Thread-87:13824] [django.request:228] [log:log_response] [WARNING]- Not Found: /js/seajs/sea_2.1.1.js
2019-07-08 23:02:41,506 [Thread-97:13216] [django.request:228] [log:log_response] [WARNING]- Not Found: /js/lib/zepto_touch_ai.js
2019-07-08 23:02:41,509 [Thread-98:7284] [django.request:228] [log:log_response] [WARNING]- Not Found: /js/seajs/sea_2.1.1.js
2019-07-08 23:02:52,675 [Thread-105:2148] [django.request:228] [log:log_response] [WARNING]- Not Found: /js/lib/zepto_touch_ai.js
2019-07-08 23:02:52,702 [Thread-107:4748] [django.request:228] [log:log_response] [WARNING]- Not Found: /js/seajs/sea_2.1.1.js
2019-07-08 23:05:13,624 [Thread-116:12832] [django.request:228] [log:log_response] [WARNING]- Not Found: /js/lib/zepto_touch_ai.js
2019-07-08 23:05:13,636 [Thread-118:2396] [django.request:228] [log:log_response] [WARNING]- Not Found: /js/seajs/sea_2.1.1.js
2019-07-08 23:05:48,111 [Thread-120:11472] [django.request:228] [log:log_response] [WARNING]- Not Found: /js/lib/zepto_touch_ai.js
2019-07-08 23:05:48,132 [Thread-122:12572] [django.request:228] [log:log_response] [WARNING]- Not Found: /js/seajs/sea_2.1.1.js
2019-07-08 23:05:49,008 [Thread-125:14124] [django.request:228] [log:log_response] [WARNING]- Not Found: /js/lib/zepto_touch_ai.js
2019-07-08 23:05:49,022 [Thread-126:2868] [django.request:228] [log:log_response] [WARNING]- Not Found: /js/seajs/sea_2.1.1.js
2019-07-08 23:05:49,581 [Thread-128:11824] [django.request:228] [log:log_response] [WARNING]- Not Found: /js/lib/zepto_touch_ai.js
2019-07-08 23:05:49,606 [Thread-129:13412] [django.request:228] [log:log_response] [WARNING]- Not Found: /js/seajs/sea_2.1.1.js
2019-07-08 23:05:50,005 [Thread-131:488] [django.request:228] [log:log_response] [WARNING]- Not Found: /js/lib/zepto_touch_ai.js
2019-07-08 23:05:50,007 [Thread-132:14068] [django.request:228] [log:log_response] [WARNING]- Not Found: /js/seajs/sea_2.1.1.js
2019-07-08 23:05:50,296 [Thread-134:10692] [django.request:228] [log:log_response] [WARNING]- Not Found: /js/lib/zepto_touch_ai.js
2019-07-08 23:05:50,299 [Thread-135:3184] [django.request:228] [log:log_response] [WARNING]- Not Found: /js/seajs/sea_2.1.1.js
2019-07-08 23:05:50,608 [Thread-137:2996] [django.request:228] [log:log_response] [WARNING]- Not Found: /js/lib/zepto_touch_ai.js
2019-07-08 23:05:50,644 [Thread-138:2584] [django.request:228] [log:log_response] [WARNING]- Not Found: /js/seajs/sea_2.1.1.js
2019-07-08 23:05:51,165 [Thread-140:8176] [django.request:228] [log:log_response] [WARNING]- Not Found: /js/lib/zepto_touch_ai.js
2019-07-08 23:05:51,175 [Thread-141:14152] [django.request:228] [log:log_response] [WARNING]- Not Found: /js/seajs/sea_2.1.1.js
2019-07-08 23:06:09,300 [Thread-143:4208] [django.request:228] [log:log_response] [WARNING]- Not Found: /js/lib/zepto_touch_ai.js
2019-07-08 23:06:09,337 [Thread-144:10924] [django.request:228] [log:log_response] [WARNING]- Not Found: /js/seajs/sea_2.1.1.js
2019-07-08 23:06:10,268 [Thread-146:12008] [django.request:228] [log:log_response] [WARNING]- Not Found: /js/lib/zepto_touch_ai.js
2019-07-08 23:06:10,305 [Thread-147:1248] [django.request:228] [log:log_response] [WARNING]- Not Found: /js/seajs/sea_2.1.1.js
2019-07-08 23:06:48,783 [Thread-148:12732] [django.request:228] [log:log_response] [WARNING]- Not Found: /js/lib/zepto_touch_ai.js
2019-07-08 23:06:48,807 [Thread-150:10344] [django.request:228] [log:log_response] [WARNING]- Not Found: /js/seajs/sea_2.1.1.js
2019-07-08 23:07:13,418 [Thread-152:13268] [django.request:228] [log:log_response] [WARNING]- Not Found: /js/lib/zepto_touch_ai.js
2019-07-08 23:07:13,454 [Thread-153:11976] [django.request:228] [log:log_response] [WARNING]- Not Found: /js/seajs/sea_2.1.1.js
2019-07-08 23:09:09,338 [Thread-6:10408] [django.request:228] [log:log_response] [ERROR]- Internal Server Error: /index/
Traceback (most recent call last):
  File "C:\Users\yyl\AppData\Roaming\Python\Python37\site-packages\django\core\handlers\exception.py", line 34, in inner
    response = get_response(request)
  File "C:\Users\yyl\AppData\Roaming\Python\Python37\site-packages\django\core\handlers\base.py", line 126, in _get_response
    response = self.process_exception_by_middleware(e, request)
  File "C:\Users\yyl\AppData\Roaming\Python\Python37\site-packages\django\core\handlers\base.py", line 124, in _get_response
    response = wrapped_callback(request, *callback_args, **callback_kwargs)
  File "D:\swProject\pyCharm\webDjango\webAPP\views.py", line 134, in liebiao
    liebiaos = Store.objects.filter(seller_id = seller_id)
  File "C:\Users\yyl\AppData\Roaming\Python\Python37\site-packages\django\db\models\manager.py", line 82, in manager_method
    return getattr(self.get_queryset(), name)(*args, **kwargs)
  File "C:\Users\yyl\AppData\Roaming\Python\Python37\site-packages\django\db\models\query.py", line 844, in filter
    return self._filter_or_exclude(False, *args, **kwargs)
  File "C:\Users\yyl\AppData\Roaming\Python\Python37\site-packages\django\db\models\query.py", line 862, in _filter_or_exclude
    clone.query.add_q(Q(*args, **kwargs))
  File "C:\Users\yyl\AppData\Roaming\Python\Python37\site-packages\django\db\models\sql\query.py", line 1263, in add_q
    clause, _ = self._add_q(q_object, self.used_aliases)
  File "C:\Users\yyl\AppData\Roaming\Python\Python37\site-packages\django\db\models\sql\query.py", line 1287, in _add_q
    split_subq=split_subq,
  File "C:\Users\yyl\AppData\Roaming\Python\Python37\site-packages\django\db\models\sql\query.py", line 1164, in build_filter
    lookups, parts, reffed_expression = self.solve_lookup_type(arg)
  File "C:\Users\yyl\AppData\Roaming\Python\Python37\site-packages\django\db\models\sql\query.py", line 1028, in solve_lookup_type
    _, field, _, lookup_parts = self.names_to_path(lookup_splitted, self.get_meta())
  File "C:\Users\yyl\AppData\Roaming\Python\Python37\site-packages\django\db\models\sql\query.py", line 1389, in names_to_path
    "Choices are: %s" % (name, ", ".join(available)))
django.core.exceptions.FieldError: Cannot resolve keyword 'seller_id' into field. Choices are: books, id, seller, store_name
2019-07-08 23:09:54,158 [Thread-13:14008] [django.request:228] [log:log_response] [ERROR]- Internal Server Error: /index/
Traceback (most recent call last):
  File "C:\Users\yyl\AppData\Roaming\Python\Python37\site-packages\django\core\handlers\exception.py", line 34, in inner
    response = get_response(request)
  File "C:\Users\yyl\AppData\Roaming\Python\Python37\site-packages\django\core\handlers\base.py", line 126, in _get_response
    response = self.process_exception_by_middleware(e, request)
  File "C:\Users\yyl\AppData\Roaming\Python\Python37\site-packages\django\core\handlers\base.py", line 124, in _get_response
    response = wrapped_callback(request, *callback_args, **callback_kwargs)
  File "D:\swProject\pyCharm\webDjango\webAPP\views.py", line 134, in liebiao
    liebiaos = Store.objects.filter(seller = seller_id)
  File "C:\Users\yyl\AppData\Roaming\Python\Python37\site-packages\django\db\models\manager.py", line 82, in manager_method
    return getattr(self.get_queryset(), name)(*args, **kwargs)
  File "C:\Users\yyl\AppData\Roaming\Python\Python37\site-packages\django\db\models\query.py", line 844, in filter
    return self._filter_or_exclude(False, *args, **kwargs)
  File "C:\Users\yyl\AppData\Roaming\Python\Python37\site-packages\django\db\models\query.py", line 862, in _filter_or_exclude
    clone.query.add_q(Q(*args, **kwargs))
  File "C:\Users\yyl\AppData\Roaming\Python\Python37\site-packages\django\db\models\sql\query.py", line 1263, in add_q
    clause, _ = self._add_q(q_object, self.used_aliases)
  File "C:\Users\yyl\AppData\Roaming\Python\Python37\site-packages\django\db\models\sql\query.py", line 1287, in _add_q
    split_subq=split_subq,
  File "C:\Users\yyl\AppData\Roaming\Python\Python37\site-packages\django\db\models\sql\query.py", line 1164, in build_filter
    lookups, parts, reffed_expression = self.solve_lookup_type(arg)
  File "C:\Users\yyl\AppData\Roaming\Python\Python37\site-packages\django\db\models\sql\query.py", line 1028, in solve_lookup_type
    _, field, _, lookup_parts = self.names_to_path(lookup_splitted, self.get_meta())
  File "C:\Users\yyl\AppData\Roaming\Python\Python37\site-packages\django\db\models\sql\query.py", line 1389, in names_to_path
    "Choices are: %s" % (name, ", ".join(available)))
django.core.exceptions.FieldError: Cannot resolve keyword 'seller_id' into field. Choices are: books, id, seller, store_name
2019-07-08 23:10:16,893 [Thread-5:3280] [django.request:228] [log:log_response] [WARNING]- Not Found: /js/lib/zepto_touch_ai.js
2019-07-08 23:10:16,903 [Thread-7:13824] [django.request:228] [log:log_response] [WARNING]- Not Found: /js/seajs/sea_2.1.1.js
2019-07-08 23:10:42,420 [Thread-16:14304] [django.request:228] [log:log_response] [WARNING]- Not Found: /index/width="230"
2019-07-08 23:10:42,440 [Thread-17:6836] [django.request:228] [log:log_response] [WARNING]- Not Found: /js/lib/zepto_touch_ai.js
2019-07-08 23:10:42,447 [Thread-18:11080] [django.request:228] [log:log_response] [WARNING]- Not Found: /js/seajs/sea_2.1.1.js
2019-07-08 23:10:46,353 [Thread-21:13656] [django.request:228] [log:log_response] [WARNING]- Not Found: /index/width="230"
2019-07-08 23:10:46,367 [Thread-22:5220] [django.request:228] [log:log_response] [WARNING]- Not Found: /js/lib/zepto_touch_ai.js
2019-07-08 23:10:46,377 [Thread-23:12428] [django.request:228] [log:log_response] [WARNING]- Not Found: /js/seajs/sea_2.1.1.js
2019-07-08 23:10:55,264 [Thread-27:2512] [django.request:228] [log:log_response] [WARNING]- Not Found: /index/width="230"
2019-07-08 23:10:55,274 [Thread-28:6808] [django.request:228] [log:log_response] [WARNING]- Not Found: /js/lib/zepto_touch_ai.js
2019-07-08 23:10:55,284 [Thread-29:1056] [django.request:228] [log:log_response] [WARNING]- Not Found: /js/seajs/sea_2.1.1.js
2019-07-08 23:11:02,240 [Thread-32:8844] [django.request:228] [log:log_response] [WARNING]- Not Found: /index/width="230"
2019-07-08 23:11:12,455 [Thread-33:8212] [django.request:228] [log:log_response] [WARNING]- Not Found: /index/width="230"
2019-07-08 23:11:50,477 [Thread-8:8920] [django.request:228] [log:log_response] [WARNING]- Not Found: /index/width="230"
2019-07-08 23:11:50,480 [Thread-9:13112] [django.request:228] [log:log_response] [WARNING]- Not Found: /js/lib/zepto_touch_ai.js
2019-07-08 23:11:50,484 [Thread-10:9584] [django.request:228] [log:log_response] [WARNING]- Not Found: /js/seajs/sea_2.1.1.js
2019-07-08 23:12:04,308 [Thread-13:8084] [django.request:228] [log:log_response] [WARNING]- Not Found: /index/width="230"
2019-07-08 23:12:04,332 [Thread-14:12432] [django.request:228] [log:log_response] [WARNING]- Not Found: /js/lib/zepto_touch_ai.js
2019-07-08 23:12:04,340 [Thread-15:13980] [django.request:228] [log:log_response] [WARNING]- Not Found: /js/seajs/sea_2.1.1.js
2019-07-08 23:44:38,000 [Thread-3:9944] [django.request:228] [log:log_response] [WARNING]- Not Found: /favicon.ico
2019-07-08 23:44:52,241 [Thread-13:12316] [django.request:228] [log:log_response] [WARNING]- Not Found: /home/jquery-3.1.1.min.js
2019-07-08 23:44:52,244 [Thread-14:12200] [django.request:228] [log:log_response] [WARNING]- Not Found: /home/js.js
2019-07-08 23:46:28,783 [Thread-27:8436] [django.request:228] [log:log_response] [WARNING]- Not Found: /home/jquery-3.1.1.min.js
2019-07-08 23:46:28,785 [Thread-28:14048] [django.request:228] [log:log_response] [WARNING]- Not Found: /home/js.js
2019-07-08 23:46:28,983 [Thread-37:11864] [django.request:228] [log:log_response] [WARNING]- Not Found: /home/js.js
2019-07-09 00:00:59,458 [Thread-12:3156] [django.request:228] [log:log_response] [ERROR]- Internal Server Error: /index/
Traceback (most recent call last):
  File "C:\Users\yyl\AppData\Roaming\Python\Python37\site-packages\django\core\handlers\exception.py", line 34, in inner
    response = get_response(request)
  File "C:\Users\yyl\AppData\Roaming\Python\Python37\site-packages\django\core\handlers\base.py", line 126, in _get_response
    response = self.process_exception_by_middleware(e, request)
  File "C:\Users\yyl\AppData\Roaming\Python\Python37\site-packages\django\core\handlers\base.py", line 124, in _get_response
    response = wrapped_callback(request, *callback_args, **callback_kwargs)
  File "D:\swProject\pyCharm\webDjango\webAPP\views.py", line 135, in liebiao
    liebiaos = BookInfo.objects.filter(seller=seller_id)
  File "C:\Users\yyl\AppData\Roaming\Python\Python37\site-packages\django\db\models\manager.py", line 82, in manager_method
    return getattr(self.get_queryset(), name)(*args, **kwargs)
  File "C:\Users\yyl\AppData\Roaming\Python\Python37\site-packages\django\db\models\query.py", line 844, in filter
    return self._filter_or_exclude(False, *args, **kwargs)
  File "C:\Users\yyl\AppData\Roaming\Python\Python37\site-packages\django\db\models\query.py", line 862, in _filter_or_exclude
    clone.query.add_q(Q(*args, **kwargs))
  File "C:\Users\yyl\AppData\Roaming\Python\Python37\site-packages\django\db\models\sql\query.py", line 1263, in add_q
    clause, _ = self._add_q(q_object, self.used_aliases)
  File "C:\Users\yyl\AppData\Roaming\Python\Python37\site-packages\django\db\models\sql\query.py", line 1287, in _add_q
    split_subq=split_subq,
  File "C:\Users\yyl\AppData\Roaming\Python\Python37\site-packages\django\db\models\sql\query.py", line 1164, in build_filter
    lookups, parts, reffed_expression = self.solve_lookup_type(arg)
  File "C:\Users\yyl\AppData\Roaming\Python\Python37\site-packages\django\db\models\sql\query.py", line 1028, in solve_lookup_type
    _, field, _, lookup_parts = self.names_to_path(lookup_splitted, self.get_meta())
  File "C:\Users\yyl\AppData\Roaming\Python\Python37\site-packages\django\db\models\sql\query.py", line 1389, in names_to_path
    "Choices are: %s" % (name, ", ".join(available)))
django.core.exceptions.FieldError: Cannot resolve keyword 'seller' into field. Choices are: author, description, id, img, isbn, kind, price, publish, publish_year, score, seller_id, seller_id_id, tag, title
2019-07-09 00:03:59,490 [Thread-13:4316] [django.request:228] [log:log_response] [ERROR]- Internal Server Error: /index/
Traceback (most recent call last):
  File "C:\Users\yyl\AppData\Roaming\Python\Python37\site-packages\django\core\handlers\exception.py", line 34, in inner
    response = get_response(request)
  File "C:\Users\yyl\AppData\Roaming\Python\Python37\site-packages\django\core\handlers\base.py", line 126, in _get_response
    response = self.process_exception_by_middleware(e, request)
  File "C:\Users\yyl\AppData\Roaming\Python\Python37\site-packages\django\core\handlers\base.py", line 124, in _get_response
    response = wrapped_callback(request, *callback_args, **callback_kwargs)
  File "D:\swProject\pyCharm\webDjango\webAPP\views.py", line 135, in liebiao
    liebiaos = BookInfo.objects.filter(seller=seller_id)
  File "C:\Users\yyl\AppData\Roaming\Python\Python37\site-packages\django\db\models\manager.py", line 82, in manager_method
    return getattr(self.get_queryset(), name)(*args, **kwargs)
  File "C:\Users\yyl\AppData\Roaming\Python\Python37\site-packages\django\db\models\query.py", line 844, in filter
    return self._filter_or_exclude(False, *args, **kwargs)
  File "C:\Users\yyl\AppData\Roaming\Python\Python37\site-packages\django\db\models\query.py", line 862, in _filter_or_exclude
    clone.query.add_q(Q(*args, **kwargs))
  File "C:\Users\yyl\AppData\Roaming\Python\Python37\site-packages\django\db\models\sql\query.py", line 1263, in add_q
    clause, _ = self._add_q(q_object, self.used_aliases)
  File "C:\Users\yyl\AppData\Roaming\Python\Python37\site-packages\django\db\models\sql\query.py", line 1287, in _add_q
    split_subq=split_subq,
  File "C:\Users\yyl\AppData\Roaming\Python\Python37\site-packages\django\db\models\sql\query.py", line 1164, in build_filter
    lookups, parts, reffed_expression = self.solve_lookup_type(arg)
  File "C:\Users\yyl\AppData\Roaming\Python\Python37\site-packages\django\db\models\sql\query.py", line 1028, in solve_lookup_type
    _, field, _, lookup_parts = self.names_to_path(lookup_splitted, self.get_meta())
  File "C:\Users\yyl\AppData\Roaming\Python\Python37\site-packages\django\db\models\sql\query.py", line 1389, in names_to_path
    "Choices are: %s" % (name, ", ".join(available)))
django.core.exceptions.FieldError: Cannot resolve keyword 'seller' into field. Choices are: author, description, id, img, isbn, kind, price, publish, publish_year, score, seller_id, tag, title
2019-07-09 00:04:54,192 [Thread-9:5852] [django.request:228] [log:log_response] [WARNING]- Not Found: /js/lib/zepto_touch_ai.js
2019-07-09 00:04:54,194 [Thread-10:4052] [django.request:228] [log:log_response] [WARNING]- Not Found: /js/seajs/sea_2.1.1.js
2019-07-09 00:05:08,273 [Thread-17:12768] [django.request:228] [log:log_response] [WARNING]- Not Found: /js/lib/zepto_touch_ai.js
2019-07-09 00:05:08,282 [Thread-18:2456] [django.request:228] [log:log_response] [WARNING]- Not Found: /js/seajs/sea_2.1.1.js
2019-07-09 00:05:17,142 [Thread-20:3928] [django.request:228] [log:log_response] [WARNING]- Not Found: /js/lib/zepto_touch_ai.js
2019-07-09 00:05:17,161 [Thread-22:13092] [django.request:228] [log:log_response] [WARNING]- Not Found: /js/seajs/sea_2.1.1.js
2019-07-09 00:06:06,316 [Thread-25:13440] [django.request:228] [log:log_response] [WARNING]- Not Found: /js/lib/zepto_touch_ai.js
2019-07-09 00:06:06,329 [Thread-26:13624] [django.request:228] [log:log_response] [WARNING]- Not Found: /js/seajs/sea_2.1.1.js
2019-07-09 00:06:37,587 [Thread-29:9304] [django.request:228] [log:log_response] [WARNING]- Not Found: /js/lib/zepto_touch_ai.js
2019-07-09 00:06:37,597 [Thread-30:2128] [django.request:228] [log:log_response] [WARNING]- Not Found: /js/seajs/sea_2.1.1.js
2019-07-09 00:06:50,643 [Thread-37:3060] [django.request:228] [log:log_response] [WARNING]- Not Found: /js/lib/zepto_touch_ai.js
2019-07-09 00:06:50,652 [Thread-38:8832] [django.request:228] [log:log_response] [WARNING]- Not Found: /js/seajs/sea_2.1.1.js
2019-07-09 00:07:25,349 [Thread-41:14320] [django.request:228] [log:log_response] [WARNING]- Not Found: /js/lib/zepto_touch_ai.js
2019-07-09 00:07:25,355 [Thread-42:12344] [django.request:228] [log:log_response] [WARNING]- Not Found: /js/seajs/sea_2.1.1.js
2019-07-09 00:07:32,734 [Thread-45:2228] [django.request:228] [log:log_response] [WARNING]- Not Found: /js/lib/zepto_touch_ai.js
2019-07-09 00:07:32,750 [Thread-46:12552] [django.request:228] [log:log_response] [WARNING]- Not Found: /js/seajs/sea_2.1.1.js
2019-07-09 00:07:33,445 [Thread-48:1564] [django.request:228] [log:log_response] [WARNING]- Not Found: /js/lib/zepto_touch_ai.js
2019-07-09 00:07:33,464 [Thread-49:13376] [django.request:228] [log:log_response] [WARNING]- Not Found: /js/seajs/sea_2.1.1.js
2019-07-09 00:10:24,100 [Thread-51:12836] [django.request:228] [log:log_response] [WARNING]- Not Found: /js/lib/zepto_touch_ai.js
2019-07-09 00:10:25,848 [Thread-53:14324] [django.request:228] [log:log_response] [WARNING]- Not Found: /js/lib/zepto_touch_ai.js
2019-07-09 00:10:25,853 [Thread-54:12556] [django.request:228] [log:log_response] [WARNING]- Not Found: /js/seajs/sea_2.1.1.js
2019-07-09 00:10:26,751 [Thread-57:5672] [django.request:228] [log:log_response] [WARNING]- Not Found: /js/lib/zepto_touch_ai.js
2019-07-09 00:10:26,766 [Thread-58:2308] [django.request:228] [log:log_response] [WARNING]- Not Found: /js/seajs/sea_2.1.1.js
2019-07-09 00:10:27,225 [Thread-60:12456] [django.request:228] [log:log_response] [WARNING]- Not Found: /js/lib/zepto_touch_ai.js
2019-07-09 00:10:27,244 [Thread-61:12156] [django.request:228] [log:log_response] [WARNING]- Not Found: /js/seajs/sea_2.1.1.js
2019-07-09 00:10:27,412 [Thread-63:9272] [django.request:228] [log:log_response] [WARNING]- Not Found: /js/lib/zepto_touch_ai.js
2019-07-09 00:10:27,420 [Thread-64:2924] [django.request:228] [log:log_response] [WARNING]- Not Found: /js/seajs/sea_2.1.1.js
2019-07-09 00:10:27,570 [Thread-65:3996] [django.request:228] [log:log_response] [WARNING]- Not Found: /js/lib/zepto_touch_ai.js
2019-07-09 00:10:27,577 [Thread-67:2608] [django.request:228] [log:log_response] [WARNING]- Not Found: /js/seajs/sea_2.1.1.js
2019-07-09 00:10:27,866 [Thread-68:9368] [django.request:228] [log:log_response] [WARNING]- Not Found: /js/lib/zepto_touch_ai.js
2019-07-09 00:10:27,882 [Thread-70:1752] [django.request:228] [log:log_response] [WARNING]- Not Found: /js/seajs/sea_2.1.1.js
2019-07-09 00:10:28,060 [Thread-71:13396] [django.request:228] [log:log_response] [WARNING]- Not Found: /js/lib/zepto_touch_ai.js
2019-07-09 00:10:28,082 [Thread-73:10088] [django.request:228] [log:log_response] [WARNING]- Not Found: /js/seajs/sea_2.1.1.js
2019-07-09 00:10:28,355 [Thread-75:4472] [django.request:228] [log:log_response] [WARNING]- Not Found: /js/lib/zepto_touch_ai.js
2019-07-09 00:10:28,365 [Thread-76:9072] [django.request:228] [log:log_response] [WARNING]- Not Found: /js/seajs/sea_2.1.1.js
2019-07-09 00:10:53,840 [Thread-86:2880] [django.request:228] [log:log_response] [WARNING]- Not Found: /js/lib/zepto_touch_ai.js
2019-07-09 00:10:53,860 [Thread-88:4068] [django.request:228] [log:log_response] [WARNING]- Not Found: /js/seajs/sea_2.1.1.js
2019-07-09 00:13:20,807 [Thread-98:2376] [django.request:228] [log:log_response] [WARNING]- Not Found: /home/js.js
2019-07-09 00:13:20,835 [Thread-99:9516] [django.request:228] [log:log_response] [WARNING]- Not Found: /home/jquery-3.1.1.min.js
2019-07-09 00:13:21,038 [Thread-111:6620] [django.request:228] [log:log_response] [WARNING]- Not Found: /home/js.js
2019-07-09 00:13:26,508 [Thread-115:11808] [django.request:228] [log:log_response] [WARNING]- Not Found: /home/js.js
2019-07-09 00:13:26,520 [Thread-117:5552] [django.request:228] [log:log_response] [WARNING]- Not Found: /home/jquery-3.1.1.min.js
2019-07-09 00:13:26,644 [Thread-129:5360] [django.request:228] [log:log_response] [WARNING]- Not Found: /home/js.js
2019-07-09 00:13:27,287 [Thread-130:1352] [django.request:228] [log:log_response] [WARNING]- Not Found: /home/js.js
2019-07-09 00:13:27,291 [Thread-132:13400] [django.request:228] [log:log_response] [WARNING]- Not Found: /home/jquery-3.1.1.min.js
2019-07-09 00:13:27,316 [Thread-133:1276] [django.request:228] [log:log_response] [WARNING]- Not Found: /home/js.js
2019-07-09 00:13:32,284 [Thread-136:12856] [django.request:228] [log:log_response] [WARNING]- Not Found: /home/jquery-3.1.1.min.js
2019-07-09 00:13:32,288 [Thread-137:580] [django.request:228] [log:log_response] [WARNING]- Not Found: /home/js.js
2019-07-09 00:13:34,573 [Thread-140:4908] [django.request:228] [log:log_response] [WARNING]- Not Found: /home/jquery-3.1.1.min.js
2019-07-09 00:13:34,581 [Thread-141:1476] [django.request:228] [log:log_response] [WARNING]- Not Found: /home/js.js
2019-07-09 00:13:39,990 [Thread-142:13416] [django.request:228] [log:log_response] [WARNING]- Not Found: /save/..images/loading_pop.gif
2019-07-09 00:13:50,418 [Thread-152:4392] [django.request:228] [log:log_response] [WARNING]- Not Found: /save/..images/loading_pop.gif
2019-07-09 00:13:52,982 [Thread-157:13104] [django.request:228] [log:log_response] [WARNING]- Not Found: /home/jquery-3.1.1.min.js
2019-07-09 00:13:52,986 [Thread-159:7956] [django.request:228] [log:log_response] [WARNING]- Not Found: /home/js.js
2019-07-09 00:15:30,437 [Thread-204:7732] [django.request:228] [log:log_response] [WARNING]- Not Found: /home/jquery-3.1.1.min.js
2019-07-09 00:15:30,447 [Thread-206:8328] [django.request:228] [log:log_response] [WARNING]- Not Found: /home/js.js
2019-07-09 00:15:44,408 [Thread-220:7784] [django.request:228] [log:log_response] [WARNING]- Not Found: /home/jquery-3.1.1.min.js
2019-07-09 00:15:44,435 [Thread-221:3156] [django.request:228] [log:log_response] [WARNING]- Not Found: /home/js.js
2019-07-09 00:16:02,830 [Thread-234:14004] [django.request:228] [log:log_response] [WARNING]- Not Found: /home/jquery-3.1.1.min.js
2019-07-09 00:16:02,872 [Thread-235:6596] [django.request:228] [log:log_response] [WARNING]- Not Found: /home/js.js
2019-07-09 00:26:18,842 [Thread-88:10088] [django.request:228] [log:log_response] [WARNING]- Not Found: /home/jquery-3.1.1.min.js
2019-07-09 00:26:18,854 [Thread-89:1036] [django.request:228] [log:log_response] [WARNING]- Not Found: /home/js.js
2019-07-09 00:26:38,407 [Thread-109:5892] [django.request:228] [log:log_response] [WARNING]- Not Found: /save/..images/loading_pop.gif
2019-07-09 00:26:39,709 [Thread-115:3132] [django.request:228] [log:log_response] [WARNING]- Not Found: /save/..images/loading_pop.gif
2019-07-09 00:26:40,582 [Thread-121:13932] [django.request:228] [log:log_response] [WARNING]- Not Found: /save/..images/loading_pop.gif
2019-07-09 00:26:46,981 [Thread-138:14036] [django.request:228] [log:log_response] [WARNING]- Not Found: /save/..images/loading_pop.gif
2019-07-09 00:26:51,881 [Thread-141:1492] [django.request:228] [log:log_response] [WARNING]- Not Found: /save/..images/loading_pop.gif
2019-07-09 00:26:54,075 [Thread-142:7324] [django.request:228] [log:log_response] [WARNING]- Not Found: /save/..images/loading_pop.gif
2019-07-09 00:30:06,511 [Thread-178:13392] [django.request:228] [log:log_response] [WARNING]- Not Found: /save/..images/loading_pop.gif
2019-07-09 00:30:10,523 [Thread-185:13476] [django.request:228] [log:log_response] [WARNING]- Not Found: /save/..images/loading_pop.gif
2019-07-09 00:31:49,357 [Thread-196:11804] [django.request:228] [log:log_response] [WARNING]- Not Found: /home/jquery-3.1.1.min.js
2019-07-09 00:31:49,362 [Thread-198:10296] [django.request:228] [log:log_response] [WARNING]- Not Found: /home/js.js
2019-07-09 00:32:53,825 [Thread-221:12136] [django.request:228] [log:log_response] [WARNING]- Not Found: /save/..images/loading_pop.gif
2019-07-09 00:33:49,173 [Thread-3:3052] [django.request:228] [log:log_response] [WARNING]- Not Found: /save/..images/loading_pop.gif
2019-07-09 00:33:49,713 [Thread-9:12424] [django.request:228] [log:log_response] [WARNING]- Not Found: /save/..images/loading_pop.gif
2019-07-09 00:33:50,283 [Thread-15:5116] [django.request:228] [log:log_response] [WARNING]- Not Found: /save/..images/loading_pop.gif
2019-07-09 00:33:50,476 [Thread-17:12496] [django.request:228] [log:log_response] [WARNING]- Not Found: /save/..images/loading_pop.gif
2019-07-09 00:33:50,667 [Thread-19:14268] [django.request:228] [log:log_response] [WARNING]- Not Found: /save/..images/loading_pop.gif
2019-07-09 00:33:50,807 [Thread-21:10840] [django.request:228] [log:log_response] [WARNING]- Not Found: /save/..images/loading_pop.gif
2019-07-09 00:34:30,455 [Thread-3:10528] [django.request:228] [log:log_response] [WARNING]- Not Found: /save/..images/loading_pop.gif
2019-07-09 00:34:31,039 [Thread-5:14296] [django.request:228] [log:log_response] [WARNING]- Not Found: /save/..images/loading_pop.gif
2019-07-09 00:34:31,195 [Thread-7:13060] [django.request:228] [log:log_response] [WARNING]- Not Found: /save/..images/loading_pop.gif
2019-07-09 00:34:48,840 [Thread-3:13780] [django.request:228] [log:log_response] [WARNING]- Not Found: /save/..images/loading_pop.gif
2019-07-09 00:34:49,613 [Thread-5:1496] [django.request:228] [log:log_response] [WARNING]- Not Found: /save/..images/loading_pop.gif
2019-07-09 00:34:49,997 [Thread-7:11576] [django.request:228] [log:log_response] [WARNING]- Not Found: /save/..images/loading_pop.gif
2019-07-09 00:34:50,152 [Thread-9:556] [django.request:228] [log:log_response] [WARNING]- Not Found: /save/..images/loading_pop.gif
2019-07-09 00:34:50,350 [Thread-11:13748] [django.request:228] [log:log_response] [WARNING]- Not Found: /save/..images/loading_pop.gif
2019-07-09 00:34:50,552 [Thread-13:8176] [django.request:228] [log:log_response] [WARNING]- Not Found: /save/..images/loading_pop.gif
2019-07-09 00:34:50,951 [Thread-15:188] [django.request:228] [log:log_response] [WARNING]- Not Found: /save/..images/loading_pop.gif
2019-07-09 00:34:51,293 [Thread-17:13308] [django.request:228] [log:log_response] [WARNING]- Not Found: /save/..images/loading_pop.gif
2019-07-09 00:34:51,499 [Thread-19:12228] [django.request:228] [log:log_response] [WARNING]- Not Found: /save/..images/loading_pop.gif
2019-07-09 00:34:51,684 [Thread-21:10752] [django.request:228] [log:log_response] [WARNING]- Not Found: /save/..images/loading_pop.gif
2019-07-09 00:34:52,001 [Thread-23:11916] [django.request:228] [log:log_response] [WARNING]- Not Found: /save/..images/loading_pop.gif
2019-07-09 00:34:52,168 [Thread-25:4164] [django.request:228] [log:log_response] [WARNING]- Not Found: /save/..images/loading_pop.gif
2019-07-09 00:34:52,864 [Thread-27:13860] [django.request:228] [log:log_response] [WARNING]- Not Found: /save/..images/loading_pop.gif
2019-07-09 00:35:19,631 [Thread-5:12720] [django.request:228] [log:log_response] [WARNING]- Not Found: /home/jquery-3.1.1.min.js
2019-07-09 00:35:19,712 [Thread-6:6660] [django.request:228] [log:log_response] [WARNING]- Not Found: /home/js.js
2019-07-09 00:35:23,024 [Thread-23:11672] [django.request:228] [log:log_response] [WARNING]- Not Found: /save/..images/loading_pop.gif
2019-07-09 00:36:00,563 [Thread-29:3952] [django.request:228] [log:log_response] [WARNING]- Not Found: /save/..images/loading_pop.gif
2019-07-09 00:36:01,365 [Thread-35:4404] [django.request:228] [log:log_response] [WARNING]- Not Found: /save/..images/loading_pop.gif
2019-07-09 00:36:25,594 [Thread-42:5852] [django.request:228] [log:log_response] [WARNING]- Not Found: /save/..images/loading_pop.gif
2019-07-09 00:37:19,603 [Thread-54:13928] [django.request:228] [log:log_response] [WARNING]- Not Found: /save/..images/loading_pop.gif
2019-07-09 00:37:28,581 [Thread-60:13860] [django.request:228] [log:log_response] [WARNING]- Not Found: /save/..images/loading_pop.gif
2019-07-09 00:37:31,541 [Thread-69:12704] [django.request:228] [log:log_response] [WARNING]- Not Found: /save/..images/loading_pop.gif
2019-07-09 00:37:34,438 [Thread-76:3624] [django.request:228] [log:log_response] [WARNING]- Not Found: /save/..images/loading_pop.gif
2019-07-09 00:37:36,633 [Thread-79:9524] [django.request:228] [log:log_response] [WARNING]- Not Found: /save/..images/loading_pop.gif
2019-07-09 00:37:38,274 [Thread-80:6256] [django.request:228] [log:log_response] [WARNING]- Not Found: /save/..images/loading_pop.gif
2019-07-09 00:37:39,821 [Thread-84:6476] [django.request:228] [log:log_response] [WARNING]- Not Found: /save/..images/loading_pop.gif
2019-07-09 00:37:40,711 [Thread-85:8768] [django.request:228] [log:log_response] [WARNING]- Not Found: /save/..images/loading_pop.gif
2019-07-09 00:37:42,856 [Thread-91:1576] [django.request:228] [log:log_response] [WARNING]- Not Found: /save/..images/loading_pop.gif
2019-07-09 00:37:44,989 [Thread-95:5616] [django.request:228] [log:log_response] [WARNING]- Not Found: /save/..images/loading_pop.gif
2019-07-09 00:37:49,778 [Thread-101:1928] [django.request:228] [log:log_response] [WARNING]- Not Found: /save/..images/loading_pop.gif
2019-07-09 00:38:19,458 [Thread-113:1968] [django.request:228] [log:log_response] [WARNING]- Not Found: /save/..images/loading_pop.gif
2019-07-09 00:40:16,720 [Thread-124:11292] [django.request:228] [log:log_response] [WARNING]- Not Found: /save/..images/loading_pop.gif
2019-07-09 00:40:17,432 [Thread-135:14168] [django.request:228] [log:log_response] [WARNING]- Not Found: /save/..images/loading_pop.gif
2019-07-09 00:40:17,874 [Thread-146:10252] [django.request:228] [log:log_response] [WARNING]- Not Found: /save/..images/loading_pop.gif
2019-07-09 00:40:18,673 [Thread-157:13488] [django.request:228] [log:log_response] [WARNING]- Not Found: /save/..images/loading_pop.gif
2019-07-09 00:40:44,431 [Thread-168:13480] [django.request:228] [log:log_response] [WARNING]- Not Found: /save/..images/loading_pop.gif
2019-07-09 00:40:45,315 [Thread-179:12988] [django.request:228] [log:log_response] [WARNING]- Not Found: /save/..images/loading_pop.gif
2019-07-09 00:41:22,355 [Thread-190:12480] [django.request:228] [log:log_response] [WARNING]- Not Found: /save/..images/loading_pop.gif
2019-07-09 00:41:38,943 [Thread-201:9376] [django.request:228] [log:log_response] [WARNING]- Not Found: /save/..images/loading_pop.gif
2019-07-09 00:41:39,582 [Thread-211:5172] [django.request:228] [log:log_response] [WARNING]- Not Found: /save/..images/loading_pop.gif
2019-07-09 00:42:23,463 [Thread-225:6660] [django.request:228] [log:log_response] [WARNING]- Not Found: /save/..images/loading_pop.gif
2019-07-09 00:47:10,841 [Thread-75:2520] [django.request:228] [log:log_response] [WARNING]- Not Found: /save/..images/loading_pop.gif
2019-07-09 00:47:28,478 [Thread-84:12356] [django.request:228] [log:log_response] [ERROR]- Internal Server Error: /shopping_cart/
Traceback (most recent call last):
  File "C:\Users\yyl\AppData\Roaming\Python\Python37\site-packages\django\core\handlers\exception.py", line 34, in inner
    response = get_response(request)
  File "C:\Users\yyl\AppData\Roaming\Python\Python37\site-packages\django\core\handlers\base.py", line 126, in _get_response
    response = self.process_exception_by_middleware(e, request)
  File "C:\Users\yyl\AppData\Roaming\Python\Python37\site-packages\django\core\handlers\base.py", line 124, in _get_response
    response = wrapped_callback(request, *callback_args, **callback_kwargs)
  File "D:\swProject\pyCharm\webDjango\webAPP\views.py", line 149, in shopping_cart
    return render(request, 'web/我的购物车.html')
  File "C:\Users\yyl\AppData\Roaming\Python\Python37\site-packages\django\shortcuts.py", line 36, in render
    content = loader.render_to_string(template_name, context, request, using=using)
  File "C:\Users\yyl\AppData\Roaming\Python\Python37\site-packages\django\template\loader.py", line 61, in render_to_string
    template = get_template(template_name, using=using)
  File "C:\Users\yyl\AppData\Roaming\Python\Python37\site-packages\django\template\loader.py", line 19, in get_template
    raise TemplateDoesNotExist(template_name, chain=chain)
django.template.exceptions.TemplateDoesNotExist: web/shopping cart.html
2019-07-09 00:47:42,370 [Thread-87:9844] [django.request:228] [log:log_response] [ERROR]- Internal Server Error: /shopping_cart/
Traceback (most recent call last):
  File "C:\Users\yyl\AppData\Roaming\Python\Python37\site-packages\django\core\handlers\exception.py", line 34, in inner
    response = get_response(request)
  File "C:\Users\yyl\AppData\Roaming\Python\Python37\site-packages\django\core\handlers\base.py", line 126, in _get_response
    response = self.process_exception_by_middleware(e, request)
  File "C:\Users\yyl\AppData\Roaming\Python\Python37\site-packages\django\core\handlers\base.py", line 124, in _get_response
    response = wrapped_callback(request, *callback_args, **callback_kwargs)
  File "D:\swProject\pyCharm\webDjango\webAPP\views.py", line 149, in shopping_cart
    return render(request, 'web/我的购物车.html')
  File "C:\Users\yyl\AppData\Roaming\Python\Python37\site-packages\django\shortcuts.py", line 36, in render
    content = loader.render_to_string(template_name, context, request, using=using)
  File "C:\Users\yyl\AppData\Roaming\Python\Python37\site-packages\django\template\loader.py", line 61, in render_to_string
    template = get_template(template_name, using=using)
  File "C:\Users\yyl\AppData\Roaming\Python\Python37\site-packages\django\template\loader.py", line 19, in get_template
    raise TemplateDoesNotExist(template_name, chain=chain)
django.template.exceptions.TemplateDoesNotExist: web/shopping cart.html
2019-07-09 00:48:25,011 [Thread-93:3504] [django.request:228] [log:log_response] [ERROR]- Internal Server Error: /shopping_cart/
Traceback (most recent call last):
  File "C:\Users\yyl\AppData\Roaming\Python\Python37\site-packages\django\core\handlers\exception.py", line 34, in inner
    response = get_response(request)
  File "C:\Users\yyl\AppData\Roaming\Python\Python37\site-packages\django\core\handlers\base.py", line 126, in _get_response
    response = self.process_exception_by_middleware(e, request)
  File "C:\Users\yyl\AppData\Roaming\Python\Python37\site-packages\django\core\handlers\base.py", line 124, in _get_response
    response = wrapped_callback(request, *callback_args, **callback_kwargs)
  File "D:\swProject\pyCharm\webDjango\webAPP\views.py", line 149, in shopping_cart
    return render(request, 'web/我的购物车.html')
  File "C:\Users\yyl\AppData\Roaming\Python\Python37\site-packages\django\shortcuts.py", line 36, in render
    content = loader.render_to_string(template_name, context, request, using=using)
  File "C:\Users\yyl\AppData\Roaming\Python\Python37\site-packages\django\template\loader.py", line 61, in render_to_string
    template = get_template(template_name, using=using)
  File "C:\Users\yyl\AppData\Roaming\Python\Python37\site-packages\django\template\loader.py", line 19, in get_template
    raise TemplateDoesNotExist(template_name, chain=chain)
django.template.exceptions.TemplateDoesNotExist: web/shopping cart.html
2019-07-09 00:49:42,697 [Thread-9:3872] [django.request:228] [log:log_response] [WARNING]- Not Found: /home/js.js
2019-07-09 00:49:42,727 [Thread-10:5228] [django.request:228] [log:log_response] [WARNING]- Not Found: /home/jquery-3.1.1.min.js
2019-07-09 00:49:42,938 [Thread-22:14332] [django.request:228] [log:log_response] [WARNING]- Not Found: /home/js.js
2019-07-09 00:49:51,656 [Thread-30:2360] [django.request:228] [log:log_response] [WARNING]- Not Found: /save/..images/loading_pop.gif
2019-07-09 00:50:06,669 [Thread-39:5072] [django.request:228] [log:log_response] [WARNING]- Not Found: /save/..images/loading_pop.gif
2019-07-09 00:50:08,381 [Thread-44:11516] [django.request:228] [log:log_response] [WARNING]- Not Found: /save/..images/loading_pop.gif
2019-07-09 00:50:27,031 [Thread-55:6196] [django.request:228] [log:log_response] [WARNING]- Not Found: /save/..images/loading_pop.gif
2019-07-09 00:50:38,812 [Thread-63:14216] [django.request:228] [log:log_response] [WARNING]- Not Found: /save/..images/loading_pop.gif
2019-07-09 00:50:50,854 [Thread-73:8084] [django.request:228] [log:log_response] [WARNING]- Not Found: /save/..images/loading_pop.gif
2019-07-09 00:51:27,579 [Thread-85:12432] [django.request:228] [log:log_response] [WARNING]- Not Found: /save/..images/loading_pop.gif
2019-07-09 00:51:32,324 [Thread-95:11476] [django.request:228] [log:log_response] [WARNING]- Not Found: /save/..images/loading_pop.gif
2019-07-09 00:51:46,346 [Thread-103:3956] [django.request:228] [log:log_response] [WARNING]- Not Found: /save/..images/loading_pop.gif
2019-07-09 00:52:10,512 [Thread-120:8436] [django.request:228] [log:log_response] [WARNING]- Not Found: /save/..images/loading_pop.gif
2019-07-09 00:52:14,118 [Thread-128:5312] [django.request:228] [log:log_response] [WARNING]- Not Found: /save/..images/loading_pop.gif
2019-07-09 00:52:15,542 [Thread-137:10816] [django.request:228] [log:log_response] [WARNING]- Not Found: /save/..images/loading_pop.gif
2019-07-09 00:52:16,681 [Thread-145:1112] [django.request:228] [log:log_response] [WARNING]- Not Found: /save/..images/loading_pop.gif
2019-07-09 00:52:17,863 [Thread-149:12916] [django.request:228] [log:log_response] [WARNING]- Not Found: /save/..images/loading_pop.gif
2019-07-09 00:52:19,617 [Thread-153:8828] [django.request:228] [log:log_response] [WARNING]- Not Found: /save/..images/loading_pop.gif
2019-07-09 00:52:20,887 [Thread-157:11164] [django.request:228] [log:log_response] [WARNING]- Not Found: /save/..images/loading_pop.gif
2019-07-09 00:52:55,006 [Thread-159:12536] [django.request:228] [log:log_response] [WARNING]- Not Found: /save/..images/loading_pop.gif
2019-07-09 00:52:56,794 [Thread-164:11100] [django.request:228] [log:log_response] [WARNING]- Not Found: /save/..images/loading_pop.gif
2019-07-09 00:52:57,786 [Thread-169:12688] [django.request:228] [log:log_response] [WARNING]- Not Found: /save/..images/loading_pop.gif
2019-07-09 00:53:37,044 [Thread-171:12708] [django.request:228] [log:log_response] [WARNING]- Not Found: /save/..images/loading_pop.gif
2019-07-09 00:53:37,694 [Thread-173:3064] [django.request:228] [log:log_response] [WARNING]- Not Found: /save/..images/loading_pop.gif
2019-07-09 00:53:49,009 [Thread-175:7776] [django.request:228] [log:log_response] [WARNING]- Not Found: /save/..images/loading_pop.gif
2019-07-09 00:53:58,650 [Thread-177:3032] [django.request:228] [log:log_response] [WARNING]- Not Found: /save/..images/loading_pop.gif
2019-07-09 00:54:04,909 [Thread-189:7348] [django.request:228] [log:log_response] [WARNING]- Not Found: /save/..images/loading_pop.gif
2019-07-09 00:54:06,112 [Thread-192:1752] [django.request:228] [log:log_response] [WARNING]- Not Found: /save/..images/loading_pop.gif
2019-07-09 00:54:07,224 [Thread-195:13068] [django.request:228] [log:log_response] [WARNING]- Not Found: /save/..images/loading_pop.gif
2019-07-09 00:54:08,163 [Thread-200:5252] [django.request:228] [log:log_response] [WARNING]- Not Found: /save/..images/loading_pop.gif
2019-07-09 00:54:11,391 [Thread-207:6068] [django.request:228] [log:log_response] [WARNING]- Not Found: /save/..images/loading_pop.gif
2019-07-09 00:54:14,992 [Thread-212:11288] [django.request:228] [log:log_response] [WARNING]- Not Found: /save/..images/loading_pop.gif
2019-07-09 00:55:14,203 [Thread-221:11576] [django.request:228] [log:log_response] [WARNING]- Not Found: /home/js.js
2019-07-09 00:55:14,217 [Thread-223:13104] [django.request:228] [log:log_response] [WARNING]- Not Found: /home/jquery-3.1.1.min.js
2019-07-09 00:55:14,349 [Thread-232:8856] [django.request:228] [log:log_response] [WARNING]- Not Found: /home/js.js
2019-07-09 00:55:15,377 [Thread-236:13112] [django.request:228] [log:log_response] [WARNING]- Not Found: /home/jquery-3.1.1.min.js
2019-07-09 00:55:15,384 [Thread-238:13020] [django.request:228] [log:log_response] [WARNING]- Not Found: /home/js.js
2019-07-09 00:55:16,132 [Thread-240:2640] [django.request:228] [log:log_response] [WARNING]- Not Found: /home/jquery-3.1.1.min.js
2019-07-09 00:55:16,135 [Thread-241:14140] [django.request:228] [log:log_response] [WARNING]- Not Found: /home/js.js
2019-07-09 00:55:16,496 [Thread-243:12200] [django.request:228] [log:log_response] [WARNING]- Not Found: /home/jquery-3.1.1.min.js
2019-07-09 00:55:16,504 [Thread-244:1276] [django.request:228] [log:log_response] [WARNING]- Not Found: /home/js.js
2019-07-09 00:55:16,713 [Thread-245:192] [django.request:228] [log:log_response] [WARNING]- Not Found: /home/jquery-3.1.1.min.js
2019-07-09 00:55:16,722 [Thread-247:8836] [django.request:228] [log:log_response] [WARNING]- Not Found: /home/js.js
2019-07-09 00:55:16,877 [Thread-249:8624] [django.request:228] [log:log_response] [WARNING]- Not Found: /home/jquery-3.1.1.min.js
2019-07-09 00:55:16,880 [Thread-250:5536] [django.request:228] [log:log_response] [WARNING]- Not Found: /home/js.js
2019-07-09 00:55:17,087 [Thread-251:9624] [django.request:228] [log:log_response] [WARNING]- Not Found: /home/jquery-3.1.1.min.js
2019-07-09 00:55:17,092 [Thread-253:10752] [django.request:228] [log:log_response] [WARNING]- Not Found: /home/js.js
2019-07-09 00:55:17,402 [Thread-255:1928] [django.request:228] [log:log_response] [WARNING]- Not Found: /home/jquery-3.1.1.min.js
2019-07-09 00:55:17,410 [Thread-256:12096] [django.request:228] [log:log_response] [WARNING]- Not Found: /home/js.js
2019-07-09 00:55:17,755 [Thread-258:9012] [django.request:228] [log:log_response] [WARNING]- Not Found: /home/jquery-3.1.1.min.js
2019-07-09 00:55:17,758 [Thread-259:10040] [django.request:228] [log:log_response] [WARNING]- Not Found: /home/js.js
2019-07-09 00:55:18,032 [Thread-261:2396] [django.request:228] [log:log_response] [WARNING]- Not Found: /home/jquery-3.1.1.min.js
2019-07-09 00:55:18,042 [Thread-262:13900] [django.request:228] [log:log_response] [WARNING]- Not Found: /home/js.js
2019-07-09 00:55:22,965 [Thread-271:6792] [django.request:228] [log:log_response] [WARNING]- Not Found: /save/..images/loading_pop.gif
2019-07-09 00:55:32,230 [Thread-281:8676] [django.request:228] [log:log_response] [WARNING]- Not Found: /home/jquery-3.1.1.min.js
2019-07-09 00:55:32,245 [Thread-282:6848] [django.request:228] [log:log_response] [WARNING]- Not Found: /home/js.js
2019-07-09 00:55:39,797 [Thread-298:2340] [django.request:228] [log:log_response] [WARNING]- Not Found: /save/..images/loading_pop.gif
2019-07-09 00:56:17,973 [Thread-309:13052] [django.request:228] [log:log_response] [WARNING]- Not Found: /home/jquery-3.1.1.min.js
2019-07-09 00:56:17,983 [Thread-310:14180] [django.request:228] [log:log_response] [WARNING]- Not Found: /home/js.js
2019-07-09 00:56:28,796 [Thread-361:208] [django.request:228] [log:log_response] [WARNING]- Not Found: /save/..images/loading_pop.gif
2019-07-09 00:56:31,279 [Thread-371:4060] [django.request:228] [log:log_response] [WARNING]- Not Found: /home/jquery-3.1.1.min.js
2019-07-09 00:56:31,367 [Thread-372:12372] [django.request:228] [log:log_response] [WARNING]- Not Found: /home/js.js
2019-07-09 00:56:33,315 [Thread-404:3824] [django.request:228] [log:log_response] [WARNING]- Not Found: /home/jquery-3.1.1.min.js
2019-07-09 00:56:33,317 [Thread-405:1716] [django.request:228] [log:log_response] [WARNING]- Not Found: /home/js.js
2019-07-09 00:56:34,063 [Thread-437:11316] [django.request:228] [log:log_response] [WARNING]- Not Found: /home/jquery-3.1.1.min.js
2019-07-09 00:56:34,089 [Thread-438:11560] [django.request:228] [log:log_response] [WARNING]- Not Found: /home/js.js
2019-07-09 00:56:46,783 [Thread-466:5252] [django.request:228] [log:log_response] [WARNING]- Not Found: /home/jquery-3.1.1.min.js
2019-07-09 00:56:46,812 [Thread-467:10960] [django.request:228] [log:log_response] [WARNING]- Not Found: /home/js.js
2019-07-09 00:56:47,417 [Thread-480:14092] [django.request:228] [log:log_response] [WARNING]- Not Found: /home/jquery-3.1.1.min.js
2019-07-09 00:56:47,421 [Thread-481:7420] [django.request:228] [log:log_response] [WARNING]- Not Found: /home/js.js
2019-07-09 00:57:08,992 [Thread-483:13816] [django.request:228] [log:log_response] [WARNING]- Not Found: /home/jquery-3.1.1.min.js
2019-07-09 00:57:08,998 [Thread-484:6092] [django.request:228] [log:log_response] [WARNING]- Not Found: /home/js.js
2019-07-09 00:57:20,982 [Thread-486:13208] [django.request:228] [log:log_response] [WARNING]- Not Found: /home/jquery-3.1.1.min.js
2019-07-09 00:57:20,987 [Thread-487:6988] [django.request:228] [log:log_response] [WARNING]- Not Found: /home/js.js
2019-07-09 00:57:23,921 [Thread-492:8260] [django.request:228] [log:log_response] [WARNING]- Not Found: /save/..images/loading_pop.gif
2019-07-09 00:57:24,607 [Thread-497:4264] [django.request:228] [log:log_response] [WARNING]- Not Found: /home/jquery-3.1.1.min.js
2019-07-09 00:57:24,620 [Thread-499:13888] [django.request:228] [log:log_response] [WARNING]- Not Found: /home/js.js
2019-07-09 00:57:28,845 [Thread-501:6772] [django.request:228] [log:log_response] [WARNING]- Not Found: /home/jquery-3.1.1.min.js
2019-07-09 00:57:28,854 [Thread-502:4828] [django.request:228] [log:log_response] [WARNING]- Not Found: /home/js.js
2019-07-09 00:57:31,490 [Thread-504:11064] [django.request:228] [log:log_response] [WARNING]- Not Found: /home/jquery-3.1.1.min.js
2019-07-09 00:57:31,492 [Thread-505:5020] [django.request:228] [log:log_response] [WARNING]- Not Found: /home/js.js
2019-07-09 00:57:32,265 [Thread-507:196] [django.request:228] [log:log_response] [WARNING]- Not Found: /home/jquery-3.1.1.min.js
2019-07-09 00:57:32,274 [Thread-508:13724] [django.request:228] [log:log_response] [WARNING]- Not Found: /home/js.js
2019-07-09 00:58:01,222 [Thread-514:12096] [django.request:228] [log:log_response] [WARNING]- Not Found: /home/jquery-3.1.1.min.js
2019-07-09 00:58:01,236 [Thread-515:7460] [django.request:228] [log:log_response] [WARNING]- Not Found: /home/js.js
2019-07-09 00:58:10,035 [Thread-549:12124] [django.request:228] [log:log_response] [WARNING]- Not Found: /home/jquery-3.1.1.min.js
2019-07-09 00:58:10,044 [Thread-550:1628] [django.request:228] [log:log_response] [WARNING]- Not Found: /home/js.js
2019-07-09 00:59:57,050 [Thread-585:11864] [django.request:228] [log:log_response] [WARNING]- Not Found: /home/jquery-3.1.1.min.js
2019-07-09 00:59:57,067 [Thread-587:12532] [django.request:228] [log:log_response] [WARNING]- Not Found: /home/js.js
2019-07-09 01:01:41,757 [Thread-615:13192] [django.request:228] [log:log_response] [WARNING]- Not Found: /save/..images/loading_pop.gif
2019-07-09 01:01:44,113 [Thread-624:13008] [django.request:228] [log:log_response] [WARNING]- Not Found: /save/..images/loading_pop.gif
2019-07-09 01:03:54,749 [Thread-637:12984] [django.request:228] [log:log_response] [WARNING]- Not Found: /register/login.html
2019-07-09 01:04:22,491 [Thread-643:2548] [django.request:228] [log:log_response] [WARNING]- Not Found: /register/login.html
2019-07-09 01:04:33,953 [Thread-645:9280] [django.request:228] [log:log_response] [WARNING]- Not Found: /register/login.html
2019-07-09 01:07:04,191 [Thread-688:10816] [django.request:228] [log:log_response] [WARNING]- Not Found: /home/jquery-3.1.1.min.js
2019-07-09 01:07:04,193 [Thread-689:4720] [django.request:228] [log:log_response] [WARNING]- Not Found: /home/js.js
2019-07-09 01:07:07,787 [Thread-702:13780] [django.request:228] [log:log_response] [WARNING]- Not Found: /home/jquery-3.1.1.min.js
2019-07-09 01:07:07,824 [Thread-703:13192] [django.request:228] [log:log_response] [WARNING]- Not Found: /home/js.js
2019-07-09 01:07:28,770 [Thread-716:5144] [django.request:228] [log:log_response] [WARNING]- Not Found: /home/jquery-3.1.1.min.js
2019-07-09 01:07:28,798 [Thread-717:14180] [django.request:228] [log:log_response] [WARNING]- Not Found: /home/js.js
2019-07-09 01:07:29,552 [Thread-730:5112] [django.request:228] [log:log_response] [WARNING]- Not Found: /home/jquery-3.1.1.min.js
2019-07-09 01:07:29,561 [Thread-731:6076] [django.request:228] [log:log_response] [WARNING]- Not Found: /home/js.js
2019-07-09 01:07:32,118 [Thread-734:2360] [django.request:228] [log:log_response] [WARNING]- Not Found: /home/jquery-3.1.1.min.js
2019-07-09 01:07:32,123 [Thread-735:13068] [django.request:228] [log:log_response] [WARNING]- Not Found: /home/js.js
2019-07-09 01:07:45,321 [Thread-743:12120] [django.request:228] [log:log_response] [WARNING]- Not Found: /save/..images/loading_pop.gif
2019-07-09 01:07:56,062 [Thread-748:6516] [django.request:228] [log:log_response] [WARNING]- Not Found: /save/..images/loading_pop.gif
2019-07-09 01:07:58,557 [Thread-757:12536] [django.request:228] [log:log_response] [WARNING]- Not Found: /save/..images/loading_pop.gif
2019-07-09 01:08:21,762 [Thread-762:9892] [django.request:228] [log:log_response] [WARNING]- Not Found: /home/jquery-3.1.1.min.js
2019-07-09 01:08:21,795 [Thread-763:6012] [django.request:228] [log:log_response] [WARNING]- Not Found: /home/js.js
2019-07-09 01:08:24,857 [Thread-777:5804] [django.request:228] [log:log_response] [WARNING]- Not Found: /home/jquery-3.1.1.min.js
2019-07-09 01:08:24,884 [Thread-778:5108] [django.request:228] [log:log_response] [WARNING]- Not Found: /home/js.js
2019-07-09 01:08:26,203 [Thread-794:13860] [django.request:228] [log:log_response] [WARNING]- Not Found: /home/jquery-3.1.1.min.js
2019-07-09 01:08:26,208 [Thread-795:10036] [django.request:228] [log:log_response] [WARNING]- Not Found: /home/js.js
2019-07-09 01:08:26,924 [Thread-808:9056] [django.request:228] [log:log_response] [WARNING]- Not Found: /save/..images/loading_pop.gif
2019-07-09 01:08:27,850 [Thread-812:5932] [django.request:228] [log:log_response] [WARNING]- Not Found: /home/js.js
2019-07-09 01:08:27,881 [Thread-814:12096] [django.request:228] [log:log_response] [WARNING]- Not Found: /home/jquery-3.1.1.min.js
2019-07-09 01:08:27,976 [Thread-825:7788] [django.request:228] [log:log_response] [WARNING]- Not Found: /home/js.js
2019-07-09 01:08:29,708 [Thread-829:6888] [django.request:228] [log:log_response] [WARNING]- Not Found: /home/jquery-3.1.1.min.js
2019-07-09 01:08:29,710 [Thread-830:4368] [django.request:228] [log:log_response] [WARNING]- Not Found: /home/js.js
2019-07-09 01:08:54,413 [Thread-835:5432] [django.request:228] [log:log_response] [WARNING]- Not Found: /home/js.js
2019-07-09 01:08:54,447 [Thread-836:14140] [django.request:228] [log:log_response] [WARNING]- Not Found: /home/jquery-3.1.1.min.js
2019-07-09 01:08:54,582 [Thread-847:1352] [django.request:228] [log:log_response] [WARNING]- Not Found: /home/js.js
2019-07-09 01:08:57,812 [Thread-851:1568] [django.request:228] [log:log_response] [WARNING]- Not Found: /home/jquery-3.1.1.min.js
2019-07-09 01:08:57,841 [Thread-852:6224] [django.request:228] [log:log_response] [WARNING]- Not Found: /home/js.js
2019-07-09 01:12:58,474 [Thread-2:10724] [django.request:228] [log:log_response] [WARNING]- Not Found: /home/jquery-3.1.1.min.js
2019-07-09 01:12:58,481 [Thread-4:8292] [django.request:228] [log:log_response] [WARNING]- Not Found: /home/js.js
2019-07-09 01:14:26,405 [Thread-8:6288] [django.request:228] [log:log_response] [WARNING]- Not Found: /home/jquery-3.1.1.min.js
2019-07-09 01:14:26,409 [Thread-9:6348] [django.request:228] [log:log_response] [WARNING]- Not Found: /home/js.js
2019-07-09 01:15:30,289 [Thread-40:6264] [django.request:228] [log:log_response] [WARNING]- Not Found: /home/jquery-3.1.1.min.js
2019-07-09 01:15:30,294 [Thread-41:2392] [django.request:228] [log:log_response] [WARNING]- Not Found: /home/js.js
2019-07-09 01:15:36,400 [Thread-54:10072] [django.request:228] [log:log_response] [WARNING]- Not Found: /home/jquery-3.1.1.min.js
2019-07-09 01:15:36,427 [Thread-55:2992] [django.request:228] [log:log_response] [WARNING]- Not Found: /home/js.js
2019-07-09 01:32:38,065 [Thread-3:9592] [django.request:228] [log:log_response] [WARNING]- Not Found: /req
2019-07-09 07:52:35,926 [Thread-6:9932] [django.request:228] [log:log_response] [WARNING]- Not Found: /favicon.ico
2019-07-09 07:53:00,912 [Thread-30:16556] [django.request:228] [log:log_response] [ERROR]- Internal Server Error: /upload/
Traceback (most recent call last):
  File "C:\Users\yyl\AppData\Roaming\Python\Python37\site-packages\django\utils\datastructures.py", line 77, in __getitem__
    list_ = super().__getitem__(key)
KeyError: 'img'

During handling of the above exception, another exception occurred:

Traceback (most recent call last):
  File "C:\Users\yyl\AppData\Roaming\Python\Python37\site-packages\django\core\handlers\exception.py", line 34, in inner
    response = get_response(request)
  File "C:\Users\yyl\AppData\Roaming\Python\Python37\site-packages\django\core\handlers\base.py", line 126, in _get_response
    response = self.process_exception_by_middleware(e, request)
  File "C:\Users\yyl\AppData\Roaming\Python\Python37\site-packages\django\core\handlers\base.py", line 124, in _get_response
    response = wrapped_callback(request, *callback_args, **callback_kwargs)
  File "D:\swProject\pyCharm\webDjango\webAPP\views.py", line 106, in upload
    img = request.FILES['img']
  File "C:\Users\yyl\AppData\Roaming\Python\Python37\site-packages\django\utils\datastructures.py", line 79, in __getitem__
    raise MultiValueDictKeyError(key)
django.utils.datastructures.MultiValueDictKeyError: 'img'
2019-07-09 07:53:47,466 [Thread-2:16844] [django.request:228] [log:log_response] [ERROR]- Internal Server Error: /upload/
Traceback (most recent call last):
  File "C:\Users\yyl\AppData\Roaming\Python\Python37\site-packages\django\utils\datastructures.py", line 77, in __getitem__
    list_ = super().__getitem__(key)
KeyError: 'img'

During handling of the above exception, another exception occurred:

Traceback (most recent call last):
  File "C:\Users\yyl\AppData\Roaming\Python\Python37\site-packages\django\core\handlers\exception.py", line 34, in inner
    response = get_response(request)
  File "C:\Users\yyl\AppData\Roaming\Python\Python37\site-packages\django\core\handlers\base.py", line 126, in _get_response
    response = self.process_exception_by_middleware(e, request)
  File "C:\Users\yyl\AppData\Roaming\Python\Python37\site-packages\django\core\handlers\base.py", line 124, in _get_response
    response = wrapped_callback(request, *callback_args, **callback_kwargs)
  File "D:\swProject\pyCharm\webDjango\webAPP\views.py", line 106, in upload
    img = request.FILES['img']
  File "C:\Users\yyl\AppData\Roaming\Python\Python37\site-packages\django\utils\datastructures.py", line 79, in __getitem__
    raise MultiValueDictKeyError(key)
django.utils.datastructures.MultiValueDictKeyError: 'img'
2019-07-09 07:54:49,857 [Thread-5:17392] [django.request:228] [log:log_response] [ERROR]- Internal Server Error: /upload/
Traceback (most recent call last):
  File "C:\Users\yyl\AppData\Roaming\Python\Python37\site-packages\django\utils\datastructures.py", line 77, in __getitem__
    list_ = super().__getitem__(key)
KeyError: 'img'

During handling of the above exception, another exception occurred:

Traceback (most recent call last):
  File "C:\Users\yyl\AppData\Roaming\Python\Python37\site-packages\django\core\handlers\exception.py", line 34, in inner
    response = get_response(request)
  File "C:\Users\yyl\AppData\Roaming\Python\Python37\site-packages\django\core\handlers\base.py", line 126, in _get_response
    response = self.process_exception_by_middleware(e, request)
  File "C:\Users\yyl\AppData\Roaming\Python\Python37\site-packages\django\core\handlers\base.py", line 124, in _get_response
    response = wrapped_callback(request, *callback_args, **callback_kwargs)
  File "D:\swProject\pyCharm\webDjango\webAPP\views.py", line 106, in upload
    img = request.FILES['img']
  File "C:\Users\yyl\AppData\Roaming\Python\Python37\site-packages\django\utils\datastructures.py", line 79, in __getitem__
    raise MultiValueDictKeyError(key)
django.utils.datastructures.MultiValueDictKeyError: 'img'
2019-07-09 07:54:55,259 [Thread-11:14256] [django.request:228] [log:log_response] [ERROR]- Internal Server Error: /upload/
Traceback (most recent call last):
  File "C:\Users\yyl\AppData\Roaming\Python\Python37\site-packages\django\utils\datastructures.py", line 77, in __getitem__
    list_ = super().__getitem__(key)
KeyError: 'img'

During handling of the above exception, another exception occurred:

Traceback (most recent call last):
  File "C:\Users\yyl\AppData\Roaming\Python\Python37\site-packages\django\core\handlers\exception.py", line 34, in inner
    response = get_response(request)
  File "C:\Users\yyl\AppData\Roaming\Python\Python37\site-packages\django\core\handlers\base.py", line 126, in _get_response
    response = self.process_exception_by_middleware(e, request)
  File "C:\Users\yyl\AppData\Roaming\Python\Python37\site-packages\django\core\handlers\base.py", line 124, in _get_response
    response = wrapped_callback(request, *callback_args, **callback_kwargs)
  File "D:\swProject\pyCharm\webDjango\webAPP\views.py", line 106, in upload
    img = request.FILES['img']
  File "C:\Users\yyl\AppData\Roaming\Python\Python37\site-packages\django\utils\datastructures.py", line 79, in __getitem__
    raise MultiValueDictKeyError(key)
django.utils.datastructures.MultiValueDictKeyError: 'img'
2019-07-09 07:57:44,752 [Thread-18:11976] [django.request:228] [log:log_response] [ERROR]- Internal Server Error: /upload/
Traceback (most recent call last):
  File "C:\Users\yyl\AppData\Roaming\Python\Python37\site-packages\django\utils\datastructures.py", line 77, in __getitem__
    list_ = super().__getitem__(key)
KeyError: 'img'

During handling of the above exception, another exception occurred:

Traceback (most recent call last):
  File "C:\Users\yyl\AppData\Roaming\Python\Python37\site-packages\django\core\handlers\exception.py", line 34, in inner
    response = get_response(request)
  File "C:\Users\yyl\AppData\Roaming\Python\Python37\site-packages\django\core\handlers\base.py", line 126, in _get_response
    response = self.process_exception_by_middleware(e, request)
  File "C:\Users\yyl\AppData\Roaming\Python\Python37\site-packages\django\core\handlers\base.py", line 124, in _get_response
    response = wrapped_callback(request, *callback_args, **callback_kwargs)
  File "D:\swProject\pyCharm\webDjango\webAPP\views.py", line 106, in upload
    img = request.FILES['img']
  File "C:\Users\yyl\AppData\Roaming\Python\Python37\site-packages\django\utils\datastructures.py", line 79, in __getitem__
    raise MultiValueDictKeyError(key)
django.utils.datastructures.MultiValueDictKeyError: 'img'
2019-07-09 07:58:39,244 [Thread-8:16472] [django.request:228] [log:log_response] [ERROR]- Internal Server Error: /upload/
Traceback (most recent call last):
  File "C:\Users\yyl\AppData\Roaming\Python\Python37\site-packages\django\utils\datastructures.py", line 77, in __getitem__
    list_ = super().__getitem__(key)
KeyError: 'img'

During handling of the above exception, another exception occurred:

Traceback (most recent call last):
  File "C:\Users\yyl\AppData\Roaming\Python\Python37\site-packages\django\core\handlers\exception.py", line 34, in inner
    response = get_response(request)
  File "C:\Users\yyl\AppData\Roaming\Python\Python37\site-packages\django\core\handlers\base.py", line 126, in _get_response
    response = self.process_exception_by_middleware(e, request)
  File "C:\Users\yyl\AppData\Roaming\Python\Python37\site-packages\django\core\handlers\base.py", line 124, in _get_response
    response = wrapped_callback(request, *callback_args, **callback_kwargs)
  File "D:\swProject\pyCharm\webDjango\webAPP\views.py", line 106, in upload
    img = request.FILES['img']
  File "C:\Users\yyl\AppData\Roaming\Python\Python37\site-packages\django\utils\datastructures.py", line 79, in __getitem__
    raise MultiValueDictKeyError(key)
django.utils.datastructures.MultiValueDictKeyError: 'img'
2019-07-09 08:00:38,104 [Thread-12:3480] [django.request:228] [log:log_response] [ERROR]- Internal Server Error: /upload/
Traceback (most recent call last):
  File "C:\Users\yyl\AppData\Roaming\Python\Python37\site-packages\django\utils\datastructures.py", line 77, in __getitem__
    list_ = super().__getitem__(key)
KeyError: 'img'

During handling of the above exception, another exception occurred:

Traceback (most recent call last):
  File "C:\Users\yyl\AppData\Roaming\Python\Python37\site-packages\django\core\handlers\exception.py", line 34, in inner
    response = get_response(request)
  File "C:\Users\yyl\AppData\Roaming\Python\Python37\site-packages\django\core\handlers\base.py", line 126, in _get_response
    response = self.process_exception_by_middleware(e, request)
  File "C:\Users\yyl\AppData\Roaming\Python\Python37\site-packages\django\core\handlers\base.py", line 124, in _get_response
    response = wrapped_callback(request, *callback_args, **callback_kwargs)
  File "D:\swProject\pyCharm\webDjango\webAPP\views.py", line 106, in upload
    img = request.FILES['img']
  File "C:\Users\yyl\AppData\Roaming\Python\Python37\site-packages\django\utils\datastructures.py", line 79, in __getitem__
    raise MultiValueDictKeyError(key)
django.utils.datastructures.MultiValueDictKeyError: 'img'
2019-07-09 08:02:49,401 [Thread-18:6416] [django.request:228] [log:log_response] [ERROR]- Internal Server Error: /upload
Traceback (most recent call last):
  File "C:\Users\yyl\AppData\Roaming\Python\Python37\site-packages\django\core\handlers\exception.py", line 34, in inner
    response = get_response(request)
  File "C:\Users\yyl\AppData\Roaming\Python\Python37\site-packages\django\utils\deprecation.py", line 90, in __call__
    response = self.process_request(request)
  File "C:\Users\yyl\AppData\Roaming\Python\Python37\site-packages\django\middleware\common.py", line 53, in process_request
    path = self.get_full_path_with_slash(request)
  File "C:\Users\yyl\AppData\Roaming\Python\Python37\site-packages\django\middleware\common.py", line 93, in get_full_path_with_slash
    'url': request.get_host() + new_path,
RuntimeError: You called this URL via POST, but the URL doesn't end in a slash and you have APPEND_SLASH set. Django can't redirect to the slash URL while maintaining POST data. Change your form to point to 127.0.0.1:8000/upload/ (note the trailing slash), or set APPEND_SLASH=False in your Django settings.
2019-07-09 08:04:03,612 [Thread-7:16300] [django.request:228] [log:log_response] [WARNING]- Not Found: /upload
2019-07-09 08:05:06,382 [Thread-18:10112] [django.request:228] [log:log_response] [WARNING]- Not Found: /upload
2019-07-09 08:10:27,509 [Thread-259:17052] [django.request:228] [log:log_response] [WARNING]- Not Found: /index/width="230"
2019-07-09 08:11:40,293 [Thread-16:11680] [django.request:228] [log:log_response] [WARNING]- Not Found: /index/width="230"
2019-07-09 08:15:47,019 [Thread-11:15444] [django.request:228] [log:log_response] [WARNING]- Not Found: /index/width="230"
2019-07-09 08:16:29,306 [Thread-18:2120] [django.request:228] [log:log_response] [WARNING]- Not Found: /index/width="230"
2019-07-09 08:23:29,274 [Thread-17:1240] [django.request:228] [log:log_response] [ERROR]- Internal Server Error: /upload/
Traceback (most recent call last):
  File "C:\Users\yyl\AppData\Roaming\Python\Python37\site-packages\django\core\handlers\exception.py", line 34, in inner
    response = get_response(request)
  File "C:\Users\yyl\AppData\Roaming\Python\Python37\site-packages\django\core\handlers\base.py", line 126, in _get_response
    response = self.process_exception_by_middleware(e, request)
  File "C:\Users\yyl\AppData\Roaming\Python\Python37\site-packages\django\core\handlers\base.py", line 124, in _get_response
    response = wrapped_callback(request, *callback_args, **callback_kwargs)
  File "D:\swProject\pyCharm\webDjango\webAPP\views.py", line 109, in upload
    seller = request.session['login_id']
  File "C:\Users\yyl\AppData\Roaming\Python\Python37\site-packages\django\contrib\sessions\backends\base.py", line 55, in __getitem__
    return self._session[key]
KeyError: 'login_id'
2019-07-09 08:24:22,090 [Thread-32:16224] [django.request:228] [log:log_response] [WARNING]- Not Found: /index/upload_imgs/艺术.jpg
2019-07-09 08:26:16,927 [Thread-37:9156] [django.request:228] [log:log_response] [WARNING]- Not Found: /index/upload_imgs/艺术.jpg
2019-07-09 08:28:35,818 [Thread-8:17100] [django.request:228] [log:log_response] [WARNING]- Not Found: /index/upload_imgs/艺术.jpg
2019-07-09 08:28:45,689 [Thread-14:6076] [django.request:228] [log:log_response] [WARNING]- Not Found: /index/upload_imgs/艺术.jpg
2019-07-09 08:30:09,045 [Thread-16:4196] [django.request:228] [log:log_response] [WARNING]- Not Found: /index/upload_imgs/艺术.jpg
2019-07-09 08:31:12,384 [Thread-18:13468] [django.request:228] [log:log_response] [WARNING]- Not Found: /index/upload_imgs/艺术.jpg
2019-07-09 08:32:00,172 [Thread-20:17064] [django.request:228] [log:log_response] [WARNING]- Not Found: /media/upload_imgs/艺术.jpg
2019-07-09 08:33:49,207 [Thread-8:2284] [django.request:228] [log:log_response] [WARNING]- Not Found: /index/upload_imgs/艺术.jpg
2019-07-09 08:33:59,018 [Thread-10:2384] [django.request:228] [log:log_response] [WARNING]- Not Found: /index/upload_imgs/艺术.jpg
2019-07-09 08:34:18,288 [Thread-13:14292] [django.request:228] [log:log_response] [WARNING]- Not Found: /media/upload_imgs/艺术.jpg
2019-07-09 08:36:22,396 [Thread-15:10424] [django.request:228] [log:log_response] [WARNING]- Not Found: /index/upload_imgs/艺术.jpg
2019-07-09 08:37:22,585 [Thread-17:7304] [django.request:228] [log:log_response] [WARNING]- Not Found: /media/upload_imgs/艺术.jpg
2019-07-09 08:40:39,939 [Thread-18:16048] [django.request:228] [log:log_response] [WARNING]- Not Found: /index/upload_imgs/222027.jpg
2019-07-09 08:41:51,482 [Thread-5:12164] [django.request:228] [log:log_response] [WARNING]- Not Found: /index/upload_imgs/222027.jpg
2019-07-09 08:42:10,849 [Thread-13:12804] [django.request:228] [log:log_response] [WARNING]- Not Found: /index/upload_imgs/47297.jpg
2019-07-09 08:42:10,854 [Thread-14:16500] [django.request:228] [log:log_response] [WARNING]- Not Found: /index/upload_imgs/222027.jpg
2019-07-09 08:43:43,791 [Thread-16:12244] [django.request:228] [log:log_response] [WARNING]- Not Found: /index/upload_imgs/47297_1gFBfge.jpg
2019-07-09 08:47:15,962 [Thread-16:11476] [django.request:228] [log:log_response] [WARNING]- Not Found: /upload_imgs/47297.jpg
2019-07-09 08:47:23,452 [Thread-19:1620] [django.request:228] [log:log_response] [WARNING]- Not Found: /upload_imgs/47297.jpg
2019-07-09 08:47:55,129 [Thread-21:15232] [django.request:228] [log:log_response] [WARNING]- Not Found: /media/upload_imgs/47297.jpg
2019-07-09 08:50:23,714 [Thread-22:9708] [django.request:228] [log:log_response] [WARNING]- Not Found: /upload_imgs/47297.jpg
2019-07-09 08:57:19,917 [Thread-5:7924] [django.request:228] [log:log_response] [WARNING]- Not Found: /index/upload_imgs/47297.jpg
2019-07-09 08:57:21,594 [Thread-8:15520] [django.request:228] [log:log_response] [WARNING]- Not Found: /upload/
2019-07-09 08:59:01,289 [Thread-6:7336] [django.request:228] [log:log_response] [WARNING]- Not Found: /index/upload_imgs/47297.jpg
2019-07-09 08:59:15,833 [Thread-13:11976] [django.request:228] [log:log_response] [WARNING]- Not Found: /index/upload_imgs/47297.jpg
2019-07-09 08:59:15,842 [Thread-14:2236] [django.request:228] [log:log_response] [WARNING]- Not Found: /index/upload_imgs/222027.jpg
2019-07-09 09:07:27,570 [Thread-8:4168] [django.request:228] [log:log_response] [WARNING]- Not Found: /index/upload_imgs/222027.jpg
2019-07-09 09:07:27,572 [Thread-7:4152] [django.request:228] [log:log_response] [WARNING]- Not Found: /index/upload_imgs/47297.jpg
2019-07-09 09:20:01,704 [Thread-5:16164] [django.request:228] [log:log_response] [WARNING]- Not Found: /index/upload_imgs/47297.jpg
2019-07-09 09:20:01,706 [Thread-7:4344] [django.request:228] [log:log_response] [WARNING]- Not Found: /index/upload_imgs/222027.jpg
2019-07-09 09:58:19,182 [Thread-52:16112] [django.request:228] [log:log_response] [WARNING]- Not Found: /home/jquery-3.1.1.min.js
2019-07-09 09:58:19,196 [Thread-54:2880] [django.request:228] [log:log_response] [WARNING]- Not Found: /home/js.js
2019-07-09 13:54:11,610 [Thread-5:11052] [django.request:228] [log:log_response] [WARNING]- Not Found: /favicon.ico
2019-07-09 14:21:46,441 [Thread-41:1512] [django.request:228] [log:log_response] [WARNING]- Not Found: /home/jquery-3.1.1.min.js
2019-07-09 14:21:46,449 [Thread-42:12532] [django.request:228] [log:log_response] [WARNING]- Not Found: /home/js.js
2019-07-09 14:21:58,436 [Thread-82:7000] [django.request:228] [log:log_response] [WARNING]- Not Found: /home/jquery-3.1.1.min.js
2019-07-09 14:21:58,459 [Thread-83:2380] [django.request:228] [log:log_response] [WARNING]- Not Found: /home/js.js
2019-07-09 14:22:50,625 [Thread-131:12724] [django.request:228] [log:log_response] [WARNING]- Not Found: /home/js.js
2019-07-09 14:22:50,636 [Thread-130:12388] [django.request:228] [log:log_response] [WARNING]- Not Found: /home/jquery-3.1.1.min.js
2019-07-09 14:22:50,800 [Thread-143:9072] [django.request:228] [log:log_response] [WARNING]- Not Found: /home/js.js
2019-07-09 14:23:01,374 [Thread-153:6964] [django.request:228] [log:log_response] [WARNING]- Not Found: /save/..images/loading_pop.gif
2019-07-09 14:23:05,269 [Thread-162:7808] [django.request:228] [log:log_response] [WARNING]- Not Found: /save/..images/loading_pop.gif
2019-07-09 14:23:09,068 [Thread-169:2676] [django.request:228] [log:log_response] [WARNING]- Not Found: /home/jquery-3.1.1.min.js
2019-07-09 14:23:09,070 [Thread-170:9228] [django.request:228] [log:log_response] [WARNING]- Not Found: /home/js.js
2019-07-09 14:23:12,919 [Thread-186:2832] [django.request:228] [log:log_response] [WARNING]- Not Found: /home/jquery-3.1.1.min.js
2019-07-09 14:23:12,921 [Thread-187:2008] [django.request:228] [log:log_response] [WARNING]- Not Found: /home/js.js
2019-07-09 14:23:15,397 [Thread-199:4288] [django.request:228] [log:log_response] [WARNING]- Not Found: /save/..images/loading_pop.gif
2019-07-09 14:23:17,570 [Thread-204:11164] [django.request:228] [log:log_response] [WARNING]- Not Found: /home/jquery-3.1.1.min.js
2019-07-09 14:23:17,574 [Thread-206:2772] [django.request:228] [log:log_response] [WARNING]- Not Found: /home/js.js
2019-07-09 14:23:26,217 [Thread-225:2896] [django.request:228] [log:log_response] [WARNING]- Not Found: /save/..images/loading_pop.gif
2019-07-09 14:23:33,387 [Thread-233:2888] [django.request:228] [log:log_response] [WARNING]- Not Found: /home/jquery-3.1.1.min.js
2019-07-09 14:23:33,419 [Thread-234:1760] [django.request:228] [log:log_response] [WARNING]- Not Found: /home/js.js
2019-07-09 14:23:45,447 [Thread-250:7668] [django.request:228] [log:log_response] [WARNING]- Not Found: /home/js.js
2019-07-09 14:23:45,464 [Thread-251:880] [django.request:228] [log:log_response] [WARNING]- Not Found: /home/jquery-3.1.1.min.js
2019-07-09 14:23:45,590 [Thread-263:5328] [django.request:228] [log:log_response] [WARNING]- Not Found: /home/js.js
2019-07-09 14:26:28,969 [Thread-275:2320] [django.request:228] [log:log_response] [WARNING]- Not Found: /home/jquery-3.1.1.min.js
2019-07-09 14:26:29,014 [Thread-277:7348] [django.request:228] [log:log_response] [WARNING]- Not Found: /home/js.js
2019-07-09 14:27:38,764 [Thread-292:3588] [django.request:228] [log:log_response] [WARNING]- Not Found: /home/jquery-3.1.1.min.js
2019-07-09 14:27:38,791 [Thread-293:4128] [django.request:228] [log:log_response] [WARNING]- Not Found: /home/js.js
2019-07-09 14:27:44,417 [Thread-309:13056] [django.request:228] [log:log_response] [WARNING]- Not Found: /save/..images/loading_pop.gif
2019-07-09 14:44:00,282 [Thread-6:7244] [django.request:228] [log:log_response] [WARNING]- Not Found: /home/jquery-3.1.1.min.js
2019-07-09 14:44:00,287 [Thread-8:2068] [django.request:228] [log:log_response] [WARNING]- Not Found: /home/js.js
2019-07-09 14:49:39,148 [Thread-27:2980] [django.request:228] [log:log_response] [ERROR]- Internal Server Error: /buy/
Traceback (most recent call last):
  File "C:\Users\yyl\AppData\Roaming\Python\Python37\site-packages\django\db\backends\utils.py", line 85, in _execute
    return self.cursor.execute(sql, params)
  File "C:\Users\yyl\AppData\Roaming\Python\Python37\site-packages\django\db\backends\sqlite3\base.py", line 296, in execute
    return Database.Cursor.execute(self, query, params)
sqlite3.IntegrityError: NOT NULL constraint failed: webAPP_orders.count_product

The above exception was the direct cause of the following exception:

Traceback (most recent call last):
  File "C:\Users\yyl\AppData\Roaming\Python\Python37\site-packages\django\core\handlers\exception.py", line 34, in inner
    response = get_response(request)
  File "C:\Users\yyl\AppData\Roaming\Python\Python37\site-packages\django\core\handlers\base.py", line 126, in _get_response
    response = self.process_exception_by_middleware(e, request)
  File "C:\Users\yyl\AppData\Roaming\Python\Python37\site-packages\django\core\handlers\base.py", line 124, in _get_response
    response = wrapped_callback(request, *callback_args, **callback_kwargs)
  File "D:\swProject\pyCharm\webDjango\webAPP\views.py", line 184, in buy
    buys.save()
  File "C:\Users\yyl\AppData\Roaming\Python\Python37\site-packages\django\db\models\base.py", line 718, in save
    force_update=force_update, update_fields=update_fields)
  File "C:\Users\yyl\AppData\Roaming\Python\Python37\site-packages\django\db\models\base.py", line 748, in save_base
    updated = self._save_table(raw, cls, force_insert, force_update, using, update_fields)
  File "C:\Users\yyl\AppData\Roaming\Python\Python37\site-packages\django\db\models\base.py", line 831, in _save_table
    result = self._do_insert(cls._base_manager, using, fields, update_pk, raw)
  File "C:\Users\yyl\AppData\Roaming\Python\Python37\site-packages\django\db\models\base.py", line 869, in _do_insert
    using=using, raw=raw)
  File "C:\Users\yyl\AppData\Roaming\Python\Python37\site-packages\django\db\models\manager.py", line 82, in manager_method
    return getattr(self.get_queryset(), name)(*args, **kwargs)
  File "C:\Users\yyl\AppData\Roaming\Python\Python37\site-packages\django\db\models\query.py", line 1136, in _insert
    return query.get_compiler(using=using).execute_sql(return_id)
  File "C:\Users\yyl\AppData\Roaming\Python\Python37\site-packages\django\db\models\sql\compiler.py", line 1289, in execute_sql
    cursor.execute(sql, params)
  File "C:\Users\yyl\AppData\Roaming\Python\Python37\site-packages\django\db\backends\utils.py", line 100, in execute
    return super().execute(sql, params)
  File "C:\Users\yyl\AppData\Roaming\Python\Python37\site-packages\django\db\backends\utils.py", line 68, in execute
    return self._execute_with_wrappers(sql, params, many=False, executor=self._execute)
  File "C:\Users\yyl\AppData\Roaming\Python\Python37\site-packages\django\db\backends\utils.py", line 77, in _execute_with_wrappers
    return executor(sql, params, many, context)
  File "C:\Users\yyl\AppData\Roaming\Python\Python37\site-packages\django\db\backends\utils.py", line 85, in _execute
    return self.cursor.execute(sql, params)
  File "C:\Users\yyl\AppData\Roaming\Python\Python37\site-packages\django\db\utils.py", line 89, in __exit__
    raise dj_exc_value.with_traceback(traceback) from exc_value
  File "C:\Users\yyl\AppData\Roaming\Python\Python37\site-packages\django\db\backends\utils.py", line 85, in _execute
    return self.cursor.execute(sql, params)
  File "C:\Users\yyl\AppData\Roaming\Python\Python37\site-packages\django\db\backends\sqlite3\base.py", line 296, in execute
    return Database.Cursor.execute(self, query, params)
django.db.utils.IntegrityError: NOT NULL constraint failed: webAPP_orders.count_product
2019-07-09 14:50:29,998 [Thread-30:8068] [django.request:228] [log:log_response] [WARNING]- Not Found: /save/..images/loading_pop.gif
2019-07-09 14:52:29,050 [Thread-3:1876] [django.request:228] [log:log_response] [WARNING]- Not Found: /save/..images/loading_pop.gif
2019-07-09 15:01:54,317 [Thread-49:4036] [django.request:228] [log:log_response] [WARNING]- Not Found: /HOME
2019-07-09 15:02:00,181 [Thread-52:3356] [django.request:228] [log:log_response] [WARNING]- Not Found: /home/jquery-3.1.1.min.js
2019-07-09 15:02:00,184 [Thread-53:11472] [django.request:228] [log:log_response] [WARNING]- Not Found: /home/js.js
